[   135.720] (--) Log file renamed from "/home/sdz/.local/share/xorg/Xorg.pid-1663.log" to "/home/sdz/.local/share/xorg/Xorg.0.log"
[   135.721] 
X.Org X Server 1.19.6
Release Date: 2017-12-20
[   135.721] X Protocol Version 11, Revision 0
[   135.721] Build Operating System: Linux 4.4.0-138-generic x86_64 Ubuntu
[   135.721] Current Operating System: Linux ubuntu 4.15.0-38-generic #41-Ubuntu SMP Wed Oct 10 10:59:38 UTC 2018 x86_64
[   135.721] Kernel command line: BOOT_IMAGE=/boot/vmlinuz-4.15.0-38-generic root=UUID=b26e3cd2-b12b-4f5e-81c0-f3f665afc826 ro find_preseed=/preseed.cfg auto noprompt priority=critical locale=en_US quiet
[   135.721] Build Date: 25 October 2018  04:11:27PM
[   135.721] xorg-server 2:1.19.6-1ubuntu4.2 (For technical support please see http://www.ubuntu.com/support) 
[   135.721] Current version of pixman: 0.34.0
[   135.721] 	Before reporting problems, check http://wiki.x.org
	to make sure that you have the latest version.
[   135.721] Markers: (--) probed, (**) from config file, (==) default setting,
	(++) from command line, (!!) notice, (II) informational,
	(WW) warning, (EE) error, (NI) not implemented, (??) unknown.
[   135.721] (==) Log file: "/home/sdz/.local/share/xorg/Xorg.0.log", Time: Fri Nov  9 10:07:01 2018
[   135.722] (==) Using system config directory "/usr/share/X11/xorg.conf.d"
[   135.724] (==) No Layout section.  Using the first Screen section.
[   135.724] (==) No screen section available. Using defaults.
[   135.724] (**) |-->Screen "Default Screen Section" (0)
[   135.724] (**) |   |-->Monitor "<default monitor>"
[   135.725] (==) No monitor specified for screen "Default Screen Section".
	Using a default monitor configuration.
[   135.725] (==) Automatically adding devices
[   135.725] (==) Automatically enabling devices
[   135.725] (==) Automatically adding GPU devices
[   135.725] (==) Automatically binding GPU devices
[   135.725] (==) Max clients allowed: 256, resource mask: 0x1fffff
[   135.725] (WW) The directory "/usr/share/fonts/X11/cyrillic" does not exist.
[   135.725] 	Entry deleted from font path.
[   135.725] (WW) The directory "/usr/share/fonts/X11/100dpi/" does not exist.
[   135.725] 	Entry deleted from font path.
[   135.725] (WW) The directory "/usr/share/fonts/X11/75dpi/" does not exist.
[   135.725] 	Entry deleted from font path.
[   135.725] (WW) The directory "/usr/share/fonts/X11/100dpi" does not exist.
[   135.725] 	Entry deleted from font path.
[   135.725] (WW) The directory "/usr/share/fonts/X11/75dpi" does not exist.
[   135.725] 	Entry deleted from font path.
[   135.725] (==) FontPath set to:
	/usr/share/fonts/X11/misc,
	/usr/share/fonts/X11/Type1,
	built-ins
[   135.725] (==) ModulePath set to "/usr/lib/xorg/modules"
[   135.725] (II) The server relies on udev to provide the list of input devices.
	If no devices become available, reconfigure udev or disable AutoAddDevices.
[   135.727] (II) Loader magic: 0x55b94cb2a020
[   135.727] (II) Module ABI versions:
[   135.727] 	X.Org ANSI C Emulation: 0.4
[   135.727] 	X.Org Video Driver: 23.0
[   135.727] 	X.Org XInput driver : 24.1
[   135.727] 	X.Org Server Extension : 10.0
[   135.727] (++) using VT number 2

[   135.732] (II) systemd-logind: took control of session /org/freedesktop/login1/session/_32
[   135.732] (II) xfree86: Adding drm device (/dev/dri/card0)
[   135.733] (II) systemd-logind: got fd for /dev/dri/card0 226:0 fd 12 paused 0
[   135.738] (--) PCI:*(0:0:15:0) 15ad:0405:15ad:0405 rev 0, Mem @ 0xe8000000/134217728, 0xfe000000/8388608, I/O @ 0x00001070/16, BIOS @ 0x????????/131072
[   135.738] (II) LoadModule: "glx"
[   135.742] (II) Loading /usr/lib/xorg/modules/extensions/libglx.so
[   135.746] (II) Module glx: vendor="X.Org Foundation"
[   135.746] 	compiled for 1.19.6, module version = 1.0.0
[   135.746] 	ABI class: X.Org Server Extension, version 10.0
[   135.746] (==) Matched vmware as autoconfigured driver 0
[   135.746] (==) Matched vmware as autoconfigured driver 1
[   135.746] (==) Matched modesetting as autoconfigured driver 2
[   135.746] (==) Matched fbdev as autoconfigured driver 3
[   135.746] (==) Matched vesa as autoconfigured driver 4
[   135.746] (==) Assigned the driver to the xf86ConfigLayout
[   135.746] (II) LoadModule: "vmware"
[   135.746] (II) Loading /usr/lib/xorg/modules/drivers/vmware_drv.so
[   135.785] (II) Module vmware: vendor="X.Org Foundation"
[   135.785] 	compiled for 1.19.3, module version = 13.2.1
[   135.785] 	Module class: X.Org Video Driver
[   135.785] 	ABI class: X.Org Video Driver, version 23.0
[   135.785] (II) LoadModule: "modesetting"
[   135.785] (II) Loading /usr/lib/xorg/modules/drivers/modesetting_drv.so
[   135.787] (II) Module modesetting: vendor="X.Org Foundation"
[   135.787] 	compiled for 1.19.6, module version = 1.19.6
[   135.787] 	Module class: X.Org Video Driver
[   135.787] 	ABI class: X.Org Video Driver, version 23.0
[   135.787] (II) LoadModule: "fbdev"
[   135.787] (II) Loading /usr/lib/xorg/modules/drivers/fbdev_drv.so
[   135.788] (II) Module fbdev: vendor="X.Org Foundation"
[   135.788] 	compiled for 1.19.3, module version = 0.4.4
[   135.788] 	Module class: X.Org Video Driver
[   135.788] 	ABI class: X.Org Video Driver, version 23.0
[   135.788] (II) LoadModule: "vesa"
[   135.788] (II) Loading /usr/lib/xorg/modules/drivers/vesa_drv.so
[   135.790] (II) Module vesa: vendor="X.Org Foundation"
[   135.790] 	compiled for 1.19.3, module version = 2.3.4
[   135.790] 	Module class: X.Org Video Driver
[   135.790] 	ABI class: X.Org Video Driver, version 23.0
[   135.790] (II) vmware: driver for VMware SVGA: vmware0405, vmware0710
[   135.790] (II) modesetting: Driver for Modesetting Kernel Drivers: kms
[   135.790] (II) FBDEV: driver for framebuffer: fbdev
[   135.790] (II) VESA: driver for VESA chipsets: vesa
[   135.790] xf86EnableIOPorts: failed to set IOPL for I/O (Operation not permitted)
[   135.790] (WW) Falling back to old probe method for modesetting
[   135.791] (WW) Falling back to old probe method for fbdev
[   135.791] (II) Loading sub module "fbdevhw"
[   135.791] (II) LoadModule: "fbdevhw"
[   135.791] (II) Loading /usr/lib/xorg/modules/libfbdevhw.so
[   135.792] (II) Module fbdevhw: vendor="X.Org Foundation"
[   135.792] 	compiled for 1.19.6, module version = 0.0.2
[   135.792] 	ABI class: X.Org Video Driver, version 23.0
[   135.792] (EE) open /dev/fb0: Permission denied
[   135.792] (WW) Falling back to old probe method for vesa
[   135.792] (WW) VGA arbiter: cannot open kernel arbiter, no multi-card support
[   135.792] (II) vmware(0): Creating default Display subsection in Screen section
	"Default Screen Section" for depth/fbbpp 24/32
[   135.792] (--) vmware(0): DRM driver version is 2.14.0
[   135.792] (==) vmware(0): Depth 24, (--) framebuffer bpp 32
[   135.792] (==) vmware(0): RGB weight 888
[   135.792] (==) vmware(0): Default visual is TrueColor
[   135.792] (--) vmware(0): Min width 1, Max Width 8192.
[   135.792] (--) vmware(0): Min height 1, Max Height 8192.
[   135.793] (II) vmware(0): Output Virtual1 has no monitor section
[   135.793] (II) vmware(0): Output Virtual2 has no monitor section
[   135.793] (II) vmware(0): Output Virtual3 has no monitor section
[   135.793] (II) vmware(0): Output Virtual4 has no monitor section
[   135.793] (II) vmware(0): Output Virtual5 has no monitor section
[   135.793] (II) vmware(0): Output Virtual6 has no monitor section
[   135.793] (II) vmware(0): Output Virtual7 has no monitor section
[   135.793] (II) vmware(0): Output Virtual8 has no monitor section
[   135.793] (II) vmware(0): Printing probed modes for output Virtual1
[   135.793] (II) vmware(0): Modeline "800x600"x60.0   42.75  800 850 900 950  600 650 700 750 -hsync +vsync (45.0 kHz eP)
[   135.793] (II) vmware(0): Modeline "2560x1600"x60.0  348.50  2560 2752 3032 3504  1600 1603 1609 1658 -hsync +vsync (99.5 kHz e)
[   135.793] (II) vmware(0): Modeline "1920x1440"x60.0  234.00  1920 2048 2256 2600  1440 1441 1444 1500 -hsync +vsync (90.0 kHz e)
[   135.793] (II) vmware(0): Modeline "1856x1392"x60.0  218.25  1856 1952 2176 2528  1392 1393 1396 1439 -hsync +vsync (86.3 kHz e)
[   135.793] (II) vmware(0): Modeline "1792x1344"x60.0  204.75  1792 1920 2120 2448  1344 1345 1348 1394 -hsync +vsync (83.6 kHz e)
[   135.793] (II) vmware(0): Modeline "1920x1200"x59.9  193.25  1920 2056 2256 2592  1200 1203 1209 1245 -hsync +vsync (74.6 kHz e)
[   135.793] (II) vmware(0): Modeline "1600x1200"x60.0  162.00  1600 1664 1856 2160  1200 1201 1204 1250 +hsync +vsync (75.0 kHz e)
[   135.793] (II) vmware(0): Modeline "1680x1050"x60.0  146.25  1680 1784 1960 2240  1050 1053 1059 1089 -hsync +vsync (65.3 kHz e)
[   135.793] (II) vmware(0): Modeline "1400x1050"x60.0  121.75  1400 1488 1632 1864  1050 1053 1057 1089 -hsync +vsync (65.3 kHz e)
[   135.793] (II) vmware(0): Modeline "1280x1024"x60.0  108.00  1280 1328 1440 1688  1024 1025 1028 1066 +hsync +vsync (64.0 kHz e)
[   135.793] (II) vmware(0): Modeline "1440x900"x59.9  106.50  1440 1520 1672 1904  900 903 909 934 -hsync +vsync (55.9 kHz e)
[   135.793] (II) vmware(0): Modeline "1280x960"x60.0  108.00  1280 1376 1488 1800  960 961 964 1000 +hsync +vsync (60.0 kHz e)
[   135.793] (II) vmware(0): Modeline "1360x768"x60.0   85.50  1360 1424 1536 1792  768 771 777 795 +hsync +vsync (47.7 kHz e)
[   135.793] (II) vmware(0): Modeline "1280x800"x59.8   83.50  1280 1352 1480 1680  800 803 809 831 +hsync -vsync (49.7 kHz e)
[   135.793] (II) vmware(0): Modeline "1152x864"x75.0  108.00  1152 1216 1344 1600  864 865 868 900 +hsync +vsync (67.5 kHz e)
[   135.793] (II) vmware(0): Modeline "1280x768"x59.9   79.50  1280 1344 1472 1664  768 771 778 798 -hsync +vsync (47.8 kHz e)
[   135.793] (II) vmware(0): Modeline "1024x768"x60.0   65.00  1024 1048 1184 1344  768 771 777 806 -hsync -vsync (48.4 kHz e)
[   135.793] (II) vmware(0): Modeline "800x600"x60.3   40.00  800 840 968 1056  600 601 605 628 +hsync +vsync (37.9 kHz e)
[   135.793] (II) vmware(0): Modeline "640x480"x59.9   25.18  640 656 752 800  480 489 492 525 -hsync -vsync (31.5 kHz e)
[   135.793] (II) vmware(0): EDID for output Virtual2
[   135.793] (II) vmware(0): EDID for output Virtual3
[   135.793] (II) vmware(0): EDID for output Virtual4
[   135.793] (II) vmware(0): EDID for output Virtual5
[   135.793] (II) vmware(0): EDID for output Virtual6
[   135.793] (II) vmware(0): EDID for output Virtual7
[   135.793] (II) vmware(0): EDID for output Virtual8
[   135.793] (II) vmware(0): Output Virtual1 connected
[   135.793] (II) vmware(0): Output Virtual2 disconnected
[   135.793] (II) vmware(0): Output Virtual3 disconnected
[   135.793] (II) vmware(0): Output Virtual4 disconnected
[   135.793] (II) vmware(0): Output Virtual5 disconnected
[   135.793] (II) vmware(0): Output Virtual6 disconnected
[   135.793] (II) vmware(0): Output Virtual7 disconnected
[   135.793] (II) vmware(0): Output Virtual8 disconnected
[   135.793] (II) vmware(0): Using exact sizes for initial modes
[   135.793] (II) vmware(0): Output Virtual1 using initial mode 800x600 +0+0
[   135.793] (==) vmware(0): DPI set to (96, 96)
[   135.793] (==) vmware(0): Using gamma correction (1.0, 1.0, 1.0)
[   135.793] (II) Loading sub module "fb"
[   135.793] (II) LoadModule: "fb"
[   135.793] (II) Loading /usr/lib/xorg/modules/libfb.so
[   135.796] (II) Module fb: vendor="X.Org Foundation"
[   135.796] 	compiled for 1.19.6, module version = 1.0.0
[   135.796] 	ABI class: X.Org ANSI C Emulation, version 0.4
[   135.796] (II) Loading sub module "dri2"
[   135.796] (II) LoadModule: "dri2"
[   135.796] (II) Module "dri2" already built-in
[   135.796] (II) UnloadModule: "modesetting"
[   135.796] (II) Unloading modesetting
[   135.796] (II) UnloadModule: "fbdev"
[   135.796] (II) Unloading fbdev
[   135.796] (II) UnloadSubModule: "fbdevhw"
[   135.796] (II) Unloading fbdevhw
[   135.796] (II) UnloadModule: "vesa"
[   135.796] (II) Unloading vesa
[   135.797] (==) Depth 24 pixmap format is 32 bpp
[   135.800] (II) vmware(0): Initialized VMWARE_CTRL extension version 0.2
[   135.818] (II) vmware(0): Gallium3D XA version: 2.3.0.
[   135.818] (II) vmware(0): Path of drm device is "/dev/dri/card0".
[   135.818] (II) vmware(0): [DRI2] Setup complete
[   135.818] (II) vmware(0): [DRI2]   DRI driver: vmwgfx
[   135.818] (--) vmware(0): Render acceleration is enabled.
[   135.818] (==) vmware(0): Rendercheck mode is disabled.
[   135.818] (--) vmware(0): Direct rendering (3D) is enabled.
[   135.818] (==) vmware(0): Direct presents are disabled.
[   135.818] (==) vmware(0): Hardware only presents are automatic per scanout.
[   135.818] (==) vmware(0): Backing store enabled
[   135.818] (==) vmware(0): Silken mouse enabled
[   135.819] (II) vmware(0): RandR 1.2 enabled, ignore the following RandR disabled message.
[   135.820] (==) vmware(0): DPMS enabled
[   135.820] (--) RandR disabled
[   135.823] (II) SELinux: Disabled on system
[   135.833] (II) AIGLX: enabled GLX_MESA_copy_sub_buffer
[   135.833] (II) AIGLX: enabled GLX_ARB_create_context
[   135.833] (II) AIGLX: enabled GLX_ARB_create_context_profile
[   135.833] (II) AIGLX: enabled GLX_EXT_create_context_es{,2}_profile
[   135.833] (II) AIGLX: enabled GLX_EXT_framebuffer_sRGB
[   135.833] (II) AIGLX: enabled GLX_ARB_fbconfig_float
[   135.833] (II) AIGLX: enabled GLX_EXT_fbconfig_packed_float
[   135.833] (II) AIGLX: GLX_EXT_texture_from_pixmap backed by buffer objects
[   135.834] (II) AIGLX: Loaded and initialized vmwgfx
[   135.834] (II) GLX: Initialized DRI2 GL provider for screen 0
[   135.844] (II) vmware(0): Setting screen physical size to 211 x 158
[   135.865] (II) config/udev: Adding input device Power Button (/dev/input/event0)
[   135.865] (**) Power Button: Applying InputClass "libinput keyboard catchall"
[   135.865] (II) LoadModule: "libinput"
[   135.865] (II) Loading /usr/lib/xorg/modules/input/libinput_drv.so
[   135.867] (II) Module libinput: vendor="X.Org Foundation"
[   135.867] 	compiled for 1.19.6, module version = 0.27.1
[   135.867] 	Module class: X.Org XInput Driver
[   135.867] 	ABI class: X.Org XInput driver, version 24.1
[   135.867] (II) Using input driver 'libinput' for 'Power Button'
[   135.868] (II) systemd-logind: got fd for /dev/input/event0 13:64 fd 24 paused 0
[   135.868] (**) Power Button: always reports core events
[   135.868] (**) Option "Device" "/dev/input/event0"
[   135.869] (**) Option "_source" "server/udev"
[   135.869] (II) event0  - Power Button: is tagged by udev as: Keyboard
[   135.869] (II) event0  - Power Button: device is a keyboard
[   135.869] (II) event0  - Power Button: device removed
[   135.869] (**) Option "config_info" "udev:/sys/devices/LNXSYSTM:00/LNXPWRBN:00/input/input0/event0"
[   135.869] (II) XINPUT: Adding extended input device "Power Button" (type: KEYBOARD, id 6)
[   135.869] (**) Option "xkb_model" "SKIP"
[   135.869] (**) Option "xkb_layout" "us"
[   135.885] (II) event0  - Power Button: is tagged by udev as: Keyboard
[   135.885] (II) event0  - Power Button: device is a keyboard
[   135.885] (II) config/udev: Adding input device VMware VMware Virtual USB Mouse (/dev/input/event4)
[   135.885] (**) VMware VMware Virtual USB Mouse: Applying InputClass "libinput pointer catchall"
[   135.885] (II) Using input driver 'libinput' for 'VMware VMware Virtual USB Mouse'
[   136.126] (II) systemd-logind: got fd for /dev/input/event4 13:68 fd 27 paused 0
[   136.127] (**) VMware VMware Virtual USB Mouse: always reports core events
[   136.127] (**) Option "Device" "/dev/input/event4"
[   136.127] (**) Option "_source" "server/udev"
[   136.128] (II) event4  - VMware VMware Virtual USB Mouse: is tagged by udev as: Mouse
[   136.128] (II) event4  - VMware VMware Virtual USB Mouse: device is a pointer
[   136.128] (II) event4  - VMware VMware Virtual USB Mouse: device removed
[   136.128] (**) Option "config_info" "udev:/sys/devices/pci0000:00/0000:00:11.0/0000:02:00.0/usb2/2-1/2-1:1.0/0003:0E0F:0003.0001/input/input5/event4"
[   136.128] (II) XINPUT: Adding extended input device "VMware VMware Virtual USB Mouse" (type: MOUSE, id 7)
[   136.129] (**) Option "AccelerationScheme" "none"
[   136.129] (**) VMware VMware Virtual USB Mouse: (accel) selected scheme none/0
[   136.129] (**) VMware VMware Virtual USB Mouse: (accel) acceleration factor: 2.000
[   136.129] (**) VMware VMware Virtual USB Mouse: (accel) acceleration threshold: 4
[   136.129] (II) event4  - VMware VMware Virtual USB Mouse: is tagged by udev as: Mouse
[   136.129] (II) event4  - VMware VMware Virtual USB Mouse: device is a pointer
[   136.130] (II) config/udev: Adding input device VMware VMware Virtual USB Mouse (/dev/input/mouse2)
[   136.130] (II) No input driver specified, ignoring this device.
[   136.130] (II) This device may have been added with another device file.
[   136.130] (II) config/udev: Adding input device AT Translated Set 2 keyboard (/dev/input/event1)
[   136.130] (**) AT Translated Set 2 keyboard: Applying InputClass "libinput keyboard catchall"
[   136.130] (II) Using input driver 'libinput' for 'AT Translated Set 2 keyboard'
[   136.132] (II) systemd-logind: got fd for /dev/input/event1 13:65 fd 28 paused 0
[   136.132] (**) AT Translated Set 2 keyboard: always reports core events
[   136.132] (**) Option "Device" "/dev/input/event1"
[   136.132] (**) Option "_source" "server/udev"
[   136.133] (II) event1  - AT Translated Set 2 keyboard: is tagged by udev as: Keyboard
[   136.133] (II) event1  - AT Translated Set 2 keyboard: device is a keyboard
[   136.133] (II) event1  - AT Translated Set 2 keyboard: device removed
[   136.133] (**) Option "config_info" "udev:/sys/devices/platform/i8042/serio0/input/input1/event1"
[   136.133] (II) XINPUT: Adding extended input device "AT Translated Set 2 keyboard" (type: KEYBOARD, id 8)
[   136.133] (**) Option "xkb_model" "SKIP"
[   136.133] (**) Option "xkb_layout" "us"
[   136.134] (II) event1  - AT Translated Set 2 keyboard: is tagged by udev as: Keyboard
[   136.134] (II) event1  - AT Translated Set 2 keyboard: device is a keyboard
[   136.135] (II) config/udev: Adding input device VirtualPS/2 VMware VMMouse (/dev/input/event3)
[   136.135] (**) VirtualPS/2 VMware VMMouse: Applying InputClass "libinput pointer catchall"
[   136.135] (II) Using input driver 'libinput' for 'VirtualPS/2 VMware VMMouse'
[   136.136] (II) systemd-logind: got fd for /dev/input/event3 13:67 fd 29 paused 0
[   136.136] (**) VirtualPS/2 VMware VMMouse: always reports core events
[   136.136] (**) Option "Device" "/dev/input/event3"
[   136.136] (**) Option "_source" "server/udev"
[   136.136] (II) event3  - VirtualPS/2 VMware VMMouse: is tagged by udev as: Mouse
[   136.136] (II) event3  - VirtualPS/2 VMware VMMouse: device is a pointer
[   136.136] (II) event3  - VirtualPS/2 VMware VMMouse: device removed
[   136.136] (**) Option "config_info" "udev:/sys/devices/platform/i8042/serio1/input/input3/event3"
[   136.136] (II) XINPUT: Adding extended input device "VirtualPS/2 VMware VMMouse" (type: MOUSE, id 9)
[   136.137] (**) Option "AccelerationScheme" "none"
[   136.137] (**) VirtualPS/2 VMware VMMouse: (accel) selected scheme none/0
[   136.137] (**) VirtualPS/2 VMware VMMouse: (accel) acceleration factor: 2.000
[   136.137] (**) VirtualPS/2 VMware VMMouse: (accel) acceleration threshold: 4
[   136.137] (II) event3  - VirtualPS/2 VMware VMMouse: is tagged by udev as: Mouse
[   136.137] (II) event3  - VirtualPS/2 VMware VMMouse: device is a pointer
[   136.138] (II) config/udev: Adding input device VirtualPS/2 VMware VMMouse (/dev/input/mouse1)
[   136.138] (II) No input driver specified, ignoring this device.
[   136.138] (II) This device may have been added with another device file.
[   136.138] (II) config/udev: Adding input device VirtualPS/2 VMware VMMouse (/dev/input/event2)
[   136.138] (**) VirtualPS/2 VMware VMMouse: Applying InputClass "libinput pointer catchall"
[   136.138] (II) Using input driver 'libinput' for 'VirtualPS/2 VMware VMMouse'
[   136.140] (II) systemd-logind: got fd for /dev/input/event2 13:66 fd 30 paused 0
[   136.141] (**) VirtualPS/2 VMware VMMouse: always reports core events
[   136.141] (**) Option "Device" "/dev/input/event2"
[   136.141] (**) Option "_source" "server/udev"
[   136.141] (II) event2  - VirtualPS/2 VMware VMMouse: is tagged by udev as: Mouse
[   136.141] (II) event2  - VirtualPS/2 VMware VMMouse: device is a pointer
[   136.141] (II) event2  - VirtualPS/2 VMware VMMouse: device removed
[   136.141] (**) Option "config_info" "udev:/sys/devices/platform/i8042/serio1/input/input4/event2"
[   136.141] (II) XINPUT: Adding extended input device "VirtualPS/2 VMware VMMouse" (type: MOUSE, id 10)
[   136.141] (**) Option "AccelerationScheme" "none"
[   136.141] (**) VirtualPS/2 VMware VMMouse: (accel) selected scheme none/0
[   136.141] (**) VirtualPS/2 VMware VMMouse: (accel) acceleration factor: 2.000
[   136.141] (**) VirtualPS/2 VMware VMMouse: (accel) acceleration threshold: 4
[   136.142] (II) event2  - VirtualPS/2 VMware VMMouse: is tagged by udev as: Mouse
[   136.142] (II) event2  - VirtualPS/2 VMware VMMouse: device is a pointer
[   136.142] (II) config/udev: Adding input device VirtualPS/2 VMware VMMouse (/dev/input/mouse0)
[   136.142] (II) No input driver specified, ignoring this device.
[   136.142] (II) This device may have been added with another device file.
[  1201.992] (DB) vmware(0): New layout.
[  1201.993] (DB) vmware(0): 0: 0 0 1916 927
[  1201.993] (DB) vmware(0): 
[  1202.938] (DB) vmware(0): New layout.
[  1202.938] (DB) vmware(0): 0: 0 0 800 600
[  1202.938] (DB) vmware(0): 
[ 23829.799] (DB) vmware(0): New layout.
[ 23829.802] (DB) vmware(0): 0: 0 0 800 584
[ 23829.803] (DB) vmware(0): 
[ 23845.519] (DB) vmware(0): New layout.
[ 23845.519] (DB) vmware(0): 0: 0 0 800 581
[ 23845.519] (DB) vmware(0): 
