0 info it worked if it ends with ok
1 verbose cli [ '/usr/bin/node', '/usr/bin/npm', 'install' ]
2 info using npm@6.4.1
3 info using node@v8.12.0
4 verbose npm-session 8f32c2c6cd8a5693
5 silly install runPreinstallTopLevelLifecycles
6 silly preinstall hexo-site@0.0.0
7 info lifecycle hexo-site@0.0.0~preinstall: hexo-site@0.0.0
8 silly install loadCurrentTree
9 silly install readLocalPackageData
10 timing stage:loadCurrentTree Completed in 1301ms
11 silly install loadIdealTree
12 silly install cloneCurrentTreeToIdealTree
13 timing stage:loadIdealTree:cloneCurrentTree Completed in 10ms
14 silly install loadShrinkwrap
15 timing stage:loadIdealTree:loadShrinkwrap Completed in 382ms
16 silly install loadAllDepsIntoIdealTree
17 timing stage:loadIdealTree:loadAllDepsIntoIdealTree Completed in 591ms
18 timing stage:loadIdealTree Completed in 1143ms
19 silly currentTree hexo-site@0.0.0
19 silly currentTree ├── _define-property@1.0.0@define-property
19 silly currentTree ├── a-sync-waterfall@1.0.1
19 silly currentTree ├── abbrev@1.1.1
19 silly currentTree ├── accepts@1.3.5
19 silly currentTree ├── align-text@0.1.4
19 silly currentTree ├── amdefine@1.0.1
19 silly currentTree ├── ansi-regex@2.1.1
19 silly currentTree ├── ansi-styles@3.2.1
19 silly currentTree ├── anymatch@1.3.2
19 silly currentTree ├── anymatch@1.3.2
19 silly currentTree ├── archy@1.0.0
19 silly currentTree ├── argparse@1.0.10
19 silly currentTree ├── arr-diff@2.0.0
19 silly currentTree ├── arr-diff@2.0.0
19 silly currentTree ├── arr-diff@4.0.0
19 silly currentTree ├── arr-flatten@1.1.0
19 silly currentTree ├── arr-union@3.1.0
19 silly currentTree ├── array-unique@0.2.1
19 silly currentTree ├── array-unique@0.2.1
19 silly currentTree ├── array-unique@0.3.2
19 silly currentTree ├── asap@2.0.6
19 silly currentTree ├── assign-symbols@1.0.0
19 silly currentTree ├── assign-symbols@1.0.0
19 silly currentTree ├── async-each@1.0.1
19 silly currentTree ├── async@0.2.10
19 silly currentTree ├── atob@2.1.2
19 silly currentTree ├── atob@2.1.2
19 silly currentTree ├─┬ babel-code-frame@6.26.0
19 silly currentTree │ ├── ansi-styles@2.2.1
19 silly currentTree │ ├── chalk@1.1.3
19 silly currentTree │ ├── strip-ansi@3.0.1
19 silly currentTree │ └── supports-color@2.0.0
19 silly currentTree ├── babel-eslint@7.2.3
19 silly currentTree ├── babel-messages@6.23.0
19 silly currentTree ├── babel-messages@6.23.0
19 silly currentTree ├── babel-runtime@6.26.0
19 silly currentTree ├── babel-runtime@6.26.0
19 silly currentTree ├── babel-traverse@6.26.0
19 silly currentTree ├── babel-types@6.26.0
19 silly currentTree ├── babylon@6.18.0
19 silly currentTree ├── balanced-match@1.0.0
19 silly currentTree ├─┬ base@0.11.2
19 silly currentTree │ ├── define-property@1.0.0
19 silly currentTree │ ├── is-accessor-descriptor@1.0.0
19 silly currentTree │ ├── is-data-descriptor@1.0.0
19 silly currentTree │ ├── is-descriptor@1.0.2
19 silly currentTree │ ├── isobject@3.0.1
19 silly currentTree │ └── kind-of@6.0.2
19 silly currentTree ├── basic-auth@2.0.1
19 silly currentTree ├── binary-extensions@1.12.0
19 silly currentTree ├── bluebird@3.5.2
19 silly currentTree ├── bluebird@3.5.3
19 silly currentTree ├── boolbase@1.0.0
19 silly currentTree ├── brace-expansion@1.1.11
19 silly currentTree ├── braces@1.8.5
19 silly currentTree ├─┬ braces@2.3.2
19 silly currentTree │ └── repeat-element@1.1.3
19 silly currentTree ├── browser-fingerprint@0.0.1
19 silly currentTree ├── bytes@3.0.0
19 silly currentTree ├── cache-base@1.0.1
19 silly currentTree ├─┬ cache-base@1.0.1
19 silly currentTree │ └── isobject@3.0.1
19 silly currentTree ├── camel-case@3.0.0
19 silly currentTree ├── camelcase@1.2.1
19 silly currentTree ├── camelcase@2.1.1
19 silly currentTree ├── center-align@0.1.3
19 silly currentTree ├── chalk@2.4.1
19 silly currentTree ├── cheerio@0.22.0
19 silly currentTree ├── chokidar@1.7.0
19 silly currentTree ├─┬ class-utils@0.3.6
19 silly currentTree │ ├── define-property@0.2.5
19 silly currentTree │ └── isobject@3.0.1
19 silly currentTree ├─┬ cliui@3.2.0
19 silly currentTree │ └── strip-ansi@3.0.1
19 silly currentTree ├── code-point-at@1.1.0
19 silly currentTree ├── collection-visit@1.0.0
19 silly currentTree ├── collection-visit@1.0.0
19 silly currentTree ├── color-convert@1.9.3
19 silly currentTree ├── color-name@1.1.3
19 silly currentTree ├── command-exists@1.2.8
19 silly currentTree ├── component-emitter@1.2.1
19 silly currentTree ├── component-emitter@1.2.1
19 silly currentTree ├── compressible@2.0.15
19 silly currentTree ├── compression@1.7.3
19 silly currentTree ├── concat-map@0.0.1
19 silly currentTree ├── connect@3.6.6
19 silly currentTree ├── copy-descriptor@0.1.1
19 silly currentTree ├── core-js@1.2.7
19 silly currentTree ├── core-util-is@1.0.2
19 silly currentTree ├── core-util-is@1.0.2
19 silly currentTree ├── cross-spawn@4.0.2
19 silly currentTree ├── cross-spawn@4.0.2
19 silly currentTree ├── css-parse@1.7.0
19 silly currentTree ├── css-select@1.2.0
19 silly currentTree ├── css-what@2.1.2
19 silly currentTree ├── cuid@1.3.8
19 silly currentTree ├── debug@2.6.9
19 silly currentTree ├── debug@2.6.9
19 silly currentTree ├── decamelize@1.2.0
19 silly currentTree ├── decamelize@1.2.0
19 silly currentTree ├── decode-uri-component@0.2.0
19 silly currentTree ├── decode-uri-component@0.2.0
19 silly currentTree ├── define-property@0.2.5
19 silly currentTree ├─┬ define-property@2.0.2
19 silly currentTree │ ├── is-accessor-descriptor@1.0.0
19 silly currentTree │ ├── is-data-descriptor@1.0.0
19 silly currentTree │ ├── is-descriptor@1.0.2
19 silly currentTree │ ├── isobject@3.0.1
19 silly currentTree │ └── kind-of@6.0.2
19 silly currentTree ├─┬ define-property@2.0.2
19 silly currentTree │ └── is-descriptor
19 silly currentTree ├── depd@1.1.2
19 silly currentTree ├── destroy@1.0.4
19 silly currentTree ├─┬ dom-serializer@0.1.0
19 silly currentTree │ └── domelementtype@1.1.3
19 silly currentTree ├── domelementtype@1.2.1
19 silly currentTree ├── domhandler@2.4.2
19 silly currentTree ├── domutils@1.5.1
19 silly currentTree ├── ee-first@1.1.1
19 silly currentTree ├── ejs@2.6.1
19 silly currentTree ├── encodeurl@1.0.2
19 silly currentTree ├── entities@1.1.2
19 silly currentTree ├── escape-html@1.0.3
19 silly currentTree ├── escape-string-regexp@1.0.5
19 silly currentTree ├── esprima@4.0.1
19 silly currentTree ├── esutils@2.0.2
19 silly currentTree ├── esutils@2.0.2
19 silly currentTree ├── etag@1.8.1
19 silly currentTree ├── expand-brackets@0.1.5
19 silly currentTree ├── expand-brackets@2.1.4
19 silly currentTree ├── expand-range@1.8.2
19 silly currentTree ├─┬ extend-shallow@3.0.2
19 silly currentTree │ └── is-extendable@1.0.1
19 silly currentTree ├─┬ extend-shallow@3.0.2
19 silly currentTree │ └── is-extendable@1.0.1
19 silly currentTree ├── extglob@0.3.2
19 silly currentTree ├── extglob@2.0.4
19 silly currentTree ├── filename-regex@2.0.1
19 silly currentTree ├── fill-range@2.2.4
19 silly currentTree ├── fill-range@4.0.0
19 silly currentTree ├── finalhandler@1.1.0
19 silly currentTree ├── for-in@1.0.2
19 silly currentTree ├── for-own@0.1.5
19 silly currentTree ├── fragment-cache@0.2.1
19 silly currentTree ├── fresh@0.5.2
19 silly currentTree ├── fs.realpath@1.0.0
19 silly currentTree ├─┬ fsevents@1.2.4
19 silly currentTree │ ├── abbrev@1.1.1
19 silly currentTree │ ├── ansi-regex@2.1.1
19 silly currentTree │ ├── aproba@1.2.0
19 silly currentTree │ ├── are-we-there-yet@1.1.4
19 silly currentTree │ ├── balanced-match@1.0.0
19 silly currentTree │ ├── brace-expansion@1.1.11
19 silly currentTree │ ├── chownr@1.0.1
19 silly currentTree │ ├── code-point-at@1.1.0
19 silly currentTree │ ├── concat-map@0.0.1
19 silly currentTree │ ├── console-control-strings@1.1.0
19 silly currentTree │ ├── core-util-is@1.0.2
19 silly currentTree │ ├── debug@2.6.9
19 silly currentTree │ ├── deep-extend@0.5.1
19 silly currentTree │ ├── delegates@1.0.0
19 silly currentTree │ ├── detect-libc@1.0.3
19 silly currentTree │ ├── fs-minipass@1.2.5
19 silly currentTree │ ├── fs.realpath@1.0.0
19 silly currentTree │ ├── gauge@2.7.4
19 silly currentTree │ ├── glob@7.1.2
19 silly currentTree │ ├── has-unicode@2.0.1
19 silly currentTree │ ├── iconv-lite@0.4.21
19 silly currentTree │ ├── ignore-walk@3.0.1
19 silly currentTree │ ├── inflight@1.0.6
19 silly currentTree │ ├── inherits@2.0.3
19 silly currentTree │ ├── ini@1.3.5
19 silly currentTree │ ├── is-fullwidth-code-point@1.0.0
19 silly currentTree │ ├── isarray@1.0.0
19 silly currentTree │ ├── minimatch@3.0.4
19 silly currentTree │ ├── minimist@0.0.8
19 silly currentTree │ ├── minipass@2.2.4
19 silly currentTree │ ├── minizlib@1.1.0
19 silly currentTree │ ├── mkdirp@0.5.1
19 silly currentTree │ ├── ms@2.0.0
19 silly currentTree │ ├── needle@2.2.0
19 silly currentTree │ ├── node-pre-gyp@0.10.0
19 silly currentTree │ ├── nopt@4.0.1
19 silly currentTree │ ├── npm-bundled@1.0.3
19 silly currentTree │ ├── npm-packlist@1.1.10
19 silly currentTree │ ├── npmlog@4.1.2
19 silly currentTree │ ├── number-is-nan@1.0.1
19 silly currentTree │ ├── object-assign@4.1.1
19 silly currentTree │ ├── once@1.4.0
19 silly currentTree │ ├── os-homedir@1.0.2
19 silly currentTree │ ├── os-tmpdir@1.0.2
19 silly currentTree │ ├── osenv@0.1.5
19 silly currentTree │ ├── path-is-absolute@1.0.1
19 silly currentTree │ ├── process-nextick-args@2.0.0
19 silly currentTree │ ├─┬ rc@1.2.7
19 silly currentTree │ │ └── minimist@1.2.0
19 silly currentTree │ ├── readable-stream@2.3.6
19 silly currentTree │ ├── rimraf@2.6.2
19 silly currentTree │ ├── safe-buffer@5.1.1
19 silly currentTree │ ├── safer-buffer@2.1.2
19 silly currentTree │ ├── sax@1.2.4
19 silly currentTree │ ├── semver@5.5.0
19 silly currentTree │ ├── set-blocking@2.0.0
19 silly currentTree │ ├── signal-exit@3.0.2
19 silly currentTree │ ├── string_decoder@1.1.1
19 silly currentTree │ ├── string-width@1.0.2
19 silly currentTree │ ├── strip-ansi@3.0.1
19 silly currentTree │ ├── strip-json-comments@2.0.1
19 silly currentTree │ ├── tar@4.4.1
19 silly currentTree │ ├── util-deprecate@1.0.2
19 silly currentTree │ ├── wide-align@1.1.2
19 silly currentTree │ ├── wrappy@1.0.2
19 silly currentTree │ └── yallist@3.0.2
19 silly currentTree ├── fsevents@1.2.4
19 silly currentTree ├── get-value@2.0.6
19 silly currentTree ├── get-value@2.0.6
19 silly currentTree ├── glob-base@0.3.0
19 silly currentTree ├── glob-parent@2.0.0
19 silly currentTree ├── glob-parent@2.0.0
19 silly currentTree ├── glob@6.0.4
19 silly currentTree ├── globals@9.18.0
19 silly currentTree ├── globals@9.18.0
19 silly currentTree ├── graceful-fs@4.1.11
19 silly currentTree ├── graceful-fs@4.1.15
19 silly currentTree ├── has-ansi@2.0.0
19 silly currentTree ├── has-flag@3.0.0
19 silly currentTree ├─┬ has-value@0.3.1
19 silly currentTree │ ├── get-value@2.0.6
19 silly currentTree │ ├── has-values@0.1.4
19 silly currentTree │ └── isobject
19 silly currentTree ├─┬ has-value@1.0.0
19 silly currentTree │ └── isobject@3.0.1
19 silly currentTree ├── has-values@0.1.4
19 silly currentTree ├─┬ has-values@1.0.0
19 silly currentTree │ ├─┬ is-number@3.0.0
19 silly currentTree │ │ └── kind-of@3.2.2
19 silly currentTree │ └── kind-of@4.0.0
19 silly currentTree ├── hexo-bunyan@1.0.0
19 silly currentTree ├── hexo-deployer-git
19 silly currentTree ├── hexo-front-matter@0.2.3
19 silly currentTree ├── hexo-fs@0.2.3
19 silly currentTree ├─┬ hexo-generator-archive@0.1.5
19 silly currentTree │ └── object-assign@2.1.1
19 silly currentTree ├─┬ hexo-generator-category@0.1.3
19 silly currentTree │ └── object-assign@2.1.1
19 silly currentTree ├── hexo-generator-feed@1.2.2
19 silly currentTree ├── hexo-generator-index@0.2.1
19 silly currentTree ├─┬ hexo-generator-sitemap@1.2.0
19 silly currentTree │ └── nunjucks@2.5.2
19 silly currentTree ├── hexo-generator-tag@0.2.0
19 silly currentTree ├── hexo-i18n@0.2.1
19 silly currentTree ├─┬ hexo-log@0.2.0
19 silly currentTree │ ├── ansi-styles@2.2.1
19 silly currentTree │ ├── chalk@1.1.3
19 silly currentTree │ ├── strip-ansi@3.0.1
19 silly currentTree │ └── supports-color@2.0.0
19 silly currentTree ├── hexo-pagination@0.0.2
19 silly currentTree ├── hexo-renderer-ejs@0.3.1
19 silly currentTree ├── hexo-renderer-marked@0.3.2
19 silly currentTree ├── hexo-renderer-stylus@0.3.3
19 silly currentTree ├─┬ hexo-server@0.3.3
19 silly currentTree │ ├── ansi-styles@2.2.1
19 silly currentTree │ ├── chalk@1.1.3
19 silly currentTree │ ├── strip-ansi@3.0.1
19 silly currentTree │ └── supports-color@2.0.0
19 silly currentTree ├── hexo-util@0.6.3
19 silly currentTree ├─┬ hexo@3.8.0
19 silly currentTree │ ├── ansi-styles@2.2.1
19 silly currentTree │ ├─┬ hexo-cli@1.1.0
19 silly currentTree │ │ ├── chalk@1.1.3
19 silly currentTree │ │ └── strip-ansi@3.0.1
19 silly currentTree │ └── supports-color@2.0.0
19 silly currentTree ├── highlight.js@9.13.1
19 silly currentTree ├── html-entities@1.2.1
19 silly currentTree ├── html-entities@1.2.1
19 silly currentTree ├─┬ htmlparser2@3.10.0
19 silly currentTree │ └── domelementtype@1.3.0
19 silly currentTree ├─┬ http-errors@1.6.3
19 silly currentTree │ └── statuses@1.5.0
19 silly currentTree ├── inflight@1.0.6
19 silly currentTree ├── inherits@2.0.3
19 silly currentTree ├── invariant@2.2.4
19 silly currentTree ├── invert-kv@1.0.0
19 silly currentTree ├── is-accessor-descriptor@0.1.6
19 silly currentTree ├─┬ is-accessor-descriptor@1.0.0
19 silly currentTree │ └── kind-of@6.0.2
19 silly currentTree ├── is-binary-path@1.0.1
19 silly currentTree ├── is-binary-path@1.0.1
19 silly currentTree ├── is-buffer@1.1.6
19 silly currentTree ├── is-buffer@1.1.6
19 silly currentTree ├── is-data-descriptor@0.1.4
19 silly currentTree ├─┬ is-data-descriptor@1.0.0
19 silly currentTree │ └── kind-of@6.0.2
19 silly currentTree ├─┬ is-descriptor@0.1.6
19 silly currentTree │ └── kind-of@5.1.0
19 silly currentTree ├─┬ is-descriptor@0.1.6
19 silly currentTree │ ├── is-accessor-descriptor
19 silly currentTree │ ├── is-data-descriptor
19 silly currentTree │ └── kind-of
19 silly currentTree ├── is-dotfile@1.0.3
19 silly currentTree ├── is-equal-shallow@0.1.3
19 silly currentTree ├── is-extendable@0.1.1
19 silly currentTree ├── is-extendable@0.1.1
19 silly currentTree ├── is-extendable@1.0.1
19 silly currentTree ├── is-extglob@1.0.0
19 silly currentTree ├── is-extglob@1.0.0
19 silly currentTree ├── is-fullwidth-code-point@1.0.0
19 silly currentTree ├── is-glob@2.0.1
19 silly currentTree ├── is-glob@2.0.1
19 silly currentTree ├── is-number@2.1.0
19 silly currentTree ├── is-number@2.1.0
19 silly currentTree ├── is-number@3.0.0
19 silly currentTree ├─┬ is-plain-object@2.0.4
19 silly currentTree │ └── isobject@3.0.1
19 silly currentTree ├── is-posix-bracket@0.1.1
19 silly currentTree ├── is-primitive@2.0.0
19 silly currentTree ├── is-primitive@2.0.0
19 silly currentTree ├── is-windows@1.0.2
19 silly currentTree ├── is-windows@1.0.2
19 silly currentTree ├── is-wsl@1.1.0
19 silly currentTree ├── isarray@1.0.0
19 silly currentTree ├── isexe@2.0.0
19 silly currentTree ├── isobject@2.1.0
19 silly currentTree ├── isobject@3.0.1
19 silly currentTree ├── js-tokens@3.0.2
19 silly currentTree ├── js-tokens@4.0.0
19 silly currentTree ├── js-yaml@3.12.0
19 silly currentTree ├── jsonparse@1.3.1
19 silly currentTree ├── JSONStream@1.3.5
19 silly currentTree ├── kind-of@3.2.2
19 silly currentTree ├── kind-of@3.2.2
19 silly currentTree ├── kind-of@4.0.0
19 silly currentTree ├── kind-of@6.0.2
19 silly currentTree ├── lazy-cache@1.0.4
19 silly currentTree ├── lcid@1.0.0
19 silly currentTree ├── lodash.assignin@4.2.0
19 silly currentTree ├── lodash.bind@4.2.1
19 silly currentTree ├── lodash.debounce@4.0.8
19 silly currentTree ├── lodash.defaults@4.2.0
19 silly currentTree ├── lodash.filter@4.6.0
19 silly currentTree ├── lodash.flatten@4.4.0
19 silly currentTree ├── lodash.foreach@4.5.0
19 silly currentTree ├── lodash.map@4.6.0
19 silly currentTree ├── lodash.merge@4.6.1
19 silly currentTree ├── lodash.pick@4.4.0
19 silly currentTree ├── lodash.reduce@4.6.0
19 silly currentTree ├── lodash.reject@4.6.0
19 silly currentTree ├── lodash.some@4.6.0
19 silly currentTree ├── lodash@4.17.11
19 silly currentTree ├── longest@1.0.1
19 silly currentTree ├── loose-envify@1.4.0
19 silly currentTree ├── lower-case@1.1.4
19 silly currentTree ├── lru-cache@4.1.3
19 silly currentTree ├── lru-cache@4.1.3
19 silly currentTree ├── map-cache@0.2.2
19 silly currentTree ├── map-visit@1.0.0
19 silly currentTree ├── map-visit@1.0.0
19 silly currentTree ├── markdown@0.5.0
19 silly currentTree ├── marked@0.3.19
19 silly currentTree ├── math-random@1.0.1
19 silly currentTree ├── micromatch@2.3.11
19 silly currentTree ├─┬ micromatch@3.1.10
19 silly currentTree │ ├── arr-diff@4.0.0
19 silly currentTree │ ├── array-unique@0.3.2
19 silly currentTree │ ├── braces@2.3.2
19 silly currentTree │ ├── extglob@2.0.4
19 silly currentTree │ └── kind-of@6.0.2
19 silly currentTree ├── mime-db@1.37.0
19 silly currentTree ├── mime-types@2.1.21
19 silly currentTree ├── mime@1.6.0
19 silly currentTree ├── minimatch@3.0.4
19 silly currentTree ├── minimist@1.2.0
19 silly currentTree ├─┬ mixin-deep@1.3.1
19 silly currentTree │ └── is-extendable@1.0.1
19 silly currentTree ├─┬ mkdirp@0.5.1
19 silly currentTree │ └── minimist@0.0.8
19 silly currentTree ├── moment-timezone@0.5.23
19 silly currentTree ├── moment@2.22.2
19 silly currentTree ├── morgan@1.9.1
19 silly currentTree ├── ms@2.0.0
19 silly currentTree ├── ms@2.0.0
19 silly currentTree ├── mv@2.1.1
19 silly currentTree ├─┬ nanomatch@1.2.13
19 silly currentTree │ ├── arr-diff@4.0.0
19 silly currentTree │ ├── array-unique@0.3.2
19 silly currentTree │ └── kind-of@6.0.2
19 silly currentTree ├── ncp@2.0.0
19 silly currentTree ├── negotiator@0.6.1
19 silly currentTree ├── nib@1.1.2
19 silly currentTree ├── no-case@2.3.2
19 silly currentTree ├── no-case@2.3.2
19 silly currentTree ├── node-fingerprint@0.0.2
19 silly currentTree ├── nopt@2.1.2
19 silly currentTree ├── normalize-path@2.1.1
19 silly currentTree ├── normalize-path@2.1.1
19 silly currentTree ├── nth-check@1.0.2
19 silly currentTree ├── number-is-nan@1.0.1
19 silly currentTree ├─┬ nunjucks@3.1.3
19 silly currentTree │ ├── anymatch@2.0.0
19 silly currentTree │ ├── arr-diff@4.0.0
19 silly currentTree │ ├── array-unique@0.3.2
19 silly currentTree │ ├─┬ braces@2.3.2
19 silly currentTree │ │ └── extend-shallow@2.0.1
19 silly currentTree │ ├── chokidar@2.0.4
19 silly currentTree │ ├─┬ expand-brackets@2.1.4
19 silly currentTree │ │ ├── define-property@0.2.5
19 silly currentTree │ │ ├── extend-shallow@2.0.1
19 silly currentTree │ │ ├─┬ is-accessor-descriptor@0.1.6
19 silly currentTree │ │ │ └── kind-of@3.2.2
19 silly currentTree │ │ ├─┬ is-data-descriptor@0.1.4
19 silly currentTree │ │ │ └── kind-of@3.2.2
19 silly currentTree │ │ ├── is-descriptor@0.1.6
19 silly currentTree │ │ └── kind-of@5.1.0
19 silly currentTree │ ├─┬ extglob@2.0.4
19 silly currentTree │ │ ├── define-property@1.0.0
19 silly currentTree │ │ └── extend-shallow@2.0.1
19 silly currentTree │ ├─┬ fill-range@4.0.0
19 silly currentTree │ │ └── extend-shallow@2.0.1
19 silly currentTree │ ├─┬ glob-parent@3.1.0
19 silly currentTree │ │ └── is-glob@3.1.0
19 silly currentTree │ ├── is-accessor-descriptor@1.0.0
19 silly currentTree │ ├── is-data-descriptor@1.0.0
19 silly currentTree │ ├── is-descriptor@1.0.2
19 silly currentTree │ ├── is-extglob@2.1.1
19 silly currentTree │ ├── is-glob@4.0.0
19 silly currentTree │ ├─┬ is-number@3.0.0
19 silly currentTree │ │ └── kind-of@3.2.2
19 silly currentTree │ ├── isobject@3.0.1
19 silly currentTree │ ├── kind-of@6.0.2
19 silly currentTree │ └── micromatch@3.1.10
19 silly currentTree ├── object-assign@4.1.1
19 silly currentTree ├─┬ object-copy@0.1.0
19 silly currentTree │ └── define-property@0.2.5
19 silly currentTree ├─┬ object-copy@0.1.0
19 silly currentTree │ └── define-property@0.2.5
19 silly currentTree ├─┬ object-visit@1.0.1
19 silly currentTree │ └── isobject@3.0.1
19 silly currentTree ├── object.omit@2.0.1
19 silly currentTree ├─┬ object.pick@1.3.0
19 silly currentTree │ └── isobject@3.0.1
19 silly currentTree ├── on-finished@2.3.0
19 silly currentTree ├── on-headers@1.0.1
19 silly currentTree ├── once@1.4.0
19 silly currentTree ├── opn@5.4.0
19 silly currentTree ├─┬ optimist@0.6.1
19 silly currentTree │ └── minimist@0.0.10
19 silly currentTree ├─┬ optimist@0.6.1
19 silly currentTree │ └── minimist
19 silly currentTree ├── os-homedir@1.0.2
19 silly currentTree ├── os-locale@1.4.0
19 silly currentTree ├── parse-glob@3.0.4
19 silly currentTree ├── parseurl@1.3.2
19 silly currentTree ├── pascalcase@0.1.1
19 silly currentTree ├── pascalcase@0.1.1
19 silly currentTree ├── path-dirname@1.0.2
19 silly currentTree ├── path-is-absolute@1.0.1
19 silly currentTree ├── path-is-absolute@1.0.1
19 silly currentTree ├── path-parse@1.0.6
19 silly currentTree ├── posix-character-classes@0.1.1
19 silly currentTree ├── posix-character-classes@0.1.1
19 silly currentTree ├── postinstall-build@5.0.3
19 silly currentTree ├── preserve@0.2.0
19 silly currentTree ├── preserve@0.2.0
19 silly currentTree ├── pretty-hrtime@1.0.3
19 silly currentTree ├── process-nextick-args@2.0.0
19 silly currentTree ├── process-nextick-args@2.0.0
19 silly currentTree ├── pseudomap@1.0.2
19 silly currentTree ├── randomatic@3.1.1
19 silly currentTree ├─┬ randomatic@3.1.1
19 silly currentTree │ ├── is-number@4.0.0
19 silly currentTree │ └── kind-of@6.0.2
19 silly currentTree ├── range-parser@1.2.0
19 silly currentTree ├── readable-stream@2.3.6
19 silly currentTree ├── readable-stream@3.0.6
19 silly currentTree ├─┬ readdirp@2.2.1
19 silly currentTree │ ├── arr-diff@4.0.0
19 silly currentTree │ ├── array-unique@0.3.2
19 silly currentTree │ ├─┬ braces@2.3.2
19 silly currentTree │ │ └── extend-shallow@2.0.1
19 silly currentTree │ ├─┬ expand-brackets@2.1.4
19 silly currentTree │ │ ├── define-property@0.2.5
19 silly currentTree │ │ ├── extend-shallow@2.0.1
19 silly currentTree │ │ ├─┬ is-accessor-descriptor@0.1.6
19 silly currentTree │ │ │ └── kind-of@3.2.2
19 silly currentTree │ │ ├─┬ is-data-descriptor@0.1.4
19 silly currentTree │ │ │ └── kind-of@3.2.2
19 silly currentTree │ │ ├── is-descriptor@0.1.6
19 silly currentTree │ │ └── kind-of@5.1.0
19 silly currentTree │ ├─┬ extglob@2.0.4
19 silly currentTree │ │ ├── define-property@1.0.0
19 silly currentTree │ │ └── extend-shallow@2.0.1
19 silly currentTree │ ├─┬ fill-range@4.0.0
19 silly currentTree │ │ └── extend-shallow@2.0.1
19 silly currentTree │ ├── is-accessor-descriptor@1.0.0
19 silly currentTree │ ├── is-data-descriptor@1.0.0
19 silly currentTree │ ├── is-descriptor@1.0.2
19 silly currentTree │ ├─┬ is-number@3.0.0
19 silly currentTree │ │ └── kind-of@3.2.2
19 silly currentTree │ ├── isobject@3.0.1
19 silly currentTree │ ├── kind-of@6.0.2
19 silly currentTree │ ├── micromatch@3.1.10
19 silly currentTree │ └── readable-stream@2.3.6
19 silly currentTree ├── readdirp@2.2.1
19 silly currentTree ├── regenerator-runtime@0.11.1
19 silly currentTree ├── regex-cache@0.4.4
19 silly currentTree ├── regex-not@1.0.2
19 silly currentTree ├── regex-not@1.0.2
19 silly currentTree ├── remove-trailing-separator@1.1.0
19 silly currentTree ├── repeat-element@1.1.3
19 silly currentTree ├── repeat-element@1.1.3
19 silly currentTree ├── repeat-string@1.6.1
19 silly currentTree ├── repeat-string@1.6.1
19 silly currentTree ├── resolve-url@0.2.1
19 silly currentTree ├── resolve-url@0.2.1
19 silly currentTree ├── resolve@1.8.1
19 silly currentTree ├── ret@0.1.15
19 silly currentTree ├── ret@0.1.15
19 silly currentTree ├── right-align@0.1.3
19 silly currentTree ├── rimraf@2.4.5
19 silly currentTree ├── safe-buffer@5.1.2
19 silly currentTree ├── safe-json-stringify@1.2.0
19 silly currentTree ├── safe-regex@1.1.0
19 silly currentTree ├── safe-regex@1.1.0
19 silly currentTree ├── sax@0.5.8
19 silly currentTree ├─┬ send@0.16.2
19 silly currentTree │ ├── mime@1.4.1
19 silly currentTree │ └── statuses@1.4.0
19 silly currentTree ├── serve-static@1.13.2
19 silly currentTree ├─┬ set-value@0.4.3
19 silly currentTree │ ├── extend-shallow
19 silly currentTree │ ├── is-extendable@0.1.1
19 silly currentTree │ └── is-plain-object
19 silly currentTree ├─┬ set-value@2.0.0
19 silly currentTree │ └── extend-shallow@2.0.1
19 silly currentTree ├── setprototypeof@1.1.0
19 silly currentTree ├── snapdragon-node@2.1.1
19 silly currentTree ├─┬ snapdragon-node@2.1.1
19 silly currentTree │ ├── define-property@1.0.0
19 silly currentTree │ ├── is-accessor-descriptor@1.0.0
19 silly currentTree │ ├── is-data-descriptor@1.0.0
19 silly currentTree │ ├── is-descriptor@1.0.2
19 silly currentTree │ ├── isobject@3.0.1
19 silly currentTree │ └── kind-of@6.0.2
19 silly currentTree ├── snapdragon-util@3.0.1
19 silly currentTree ├─┬ snapdragon@0.8.2
19 silly currentTree │ ├── define-property@0.2.5
19 silly currentTree │ └── extend-shallow@2.0.1
19 silly currentTree ├── source-map-resolve@0.5.2
19 silly currentTree ├── source-map-url@0.4.0
19 silly currentTree ├── source-map@0.1.34
19 silly currentTree ├── source-map@0.5.7
19 silly currentTree ├── source-map@0.5.7
19 silly currentTree ├── split-string@3.1.0
19 silly currentTree ├── split-string@3.1.0
19 silly currentTree ├── sprintf-js@1.0.3
19 silly currentTree ├─┬ static-extend@0.1.2
19 silly currentTree │ └── define-property@0.2.5
19 silly currentTree ├── statuses@1.3.1
19 silly currentTree ├── string_decoder@1.1.1
19 silly currentTree ├── string_decoder@1.1.1
19 silly currentTree ├─┬ string-width@1.0.2
19 silly currentTree │ └── strip-ansi@3.0.1
19 silly currentTree ├── strip-ansi@3.0.1
19 silly currentTree ├─┬ strip-ansi@4.0.0
19 silly currentTree │ └── ansi-regex@3.0.0
19 silly currentTree ├── strip-indent@2.0.0
19 silly currentTree ├── striptags@2.2.1
19 silly currentTree ├── striptags@2.2.1
19 silly currentTree ├─┬ stylus@0.54.5
19 silly currentTree │ ├── glob@7.0.6
19 silly currentTree │ └── source-map@0.1.43
19 silly currentTree ├── supports-color@2.0.0
19 silly currentTree ├── supports-color@5.5.0
19 silly currentTree ├── swig-extras@0.0.1
19 silly currentTree ├── swig-templates@2.0.3
19 silly currentTree ├── swig@1.4.2
19 silly currentTree ├── text-table@0.2.0
19 silly currentTree ├── through@2.3.8
19 silly currentTree ├── tildify@1.2.0
19 silly currentTree ├── titlecase@1.1.2
19 silly currentTree ├── to-fast-properties@1.0.3
19 silly currentTree ├── to-object-path@0.3.0
19 silly currentTree ├─┬ to-regex-range@2.1.1
19 silly currentTree │ └── is-number@3.0.0
19 silly currentTree ├── to-regex-range@2.1.1
19 silly currentTree ├── to-regex@3.0.2
19 silly currentTree ├─┬ uglify-js@2.6.0
19 silly currentTree │ ├── camelcase@1.2.1
19 silly currentTree │ ├── cliui@2.1.0
19 silly currentTree │ ├── window-size@0.1.0
19 silly currentTree │ ├── wordwrap@0.0.2
19 silly currentTree │ └── yargs@3.10.0
19 silly currentTree ├── uglify-to-browserify@1.0.2
19 silly currentTree ├── uglify-to-browserify@1.0.2
19 silly currentTree ├─┬ union-value@1.0.0
19 silly currentTree │ ├── extend-shallow@2.0.1
19 silly currentTree │ └── set-value@0.4.3
19 silly currentTree ├── union-value@1.0.0
19 silly currentTree ├── unpipe@1.0.0
19 silly currentTree ├─┬ unset-value@1.0.0
19 silly currentTree │ ├─┬ has-value@0.3.1
19 silly currentTree │ │ └── isobject@2.1.0
19 silly currentTree │ ├── has-values@0.1.4
19 silly currentTree │ └── isobject@3.0.1
19 silly currentTree ├── upath@1.1.0
19 silly currentTree ├── upper-case@1.1.3
19 silly currentTree ├── urix@0.1.0
19 silly currentTree ├── urix@0.1.0
19 silly currentTree ├── use@3.1.1
19 silly currentTree ├── util-deprecate@1.0.2
19 silly currentTree ├── utils-merge@1.0.1
19 silly currentTree ├── vary@1.1.2
19 silly currentTree ├── warehouse@2.2.0
19 silly currentTree ├── which@1.3.1
19 silly currentTree ├── which@1.3.1
19 silly currentTree ├── window-size@0.1.4
19 silly currentTree ├── wordwrap@0.0.3
19 silly currentTree ├── wordwrap@0.0.3
19 silly currentTree ├─┬ wrap-ansi@2.1.0
19 silly currentTree │ └── strip-ansi@3.0.1
19 silly currentTree ├── wrappy@1.0.2
19 silly currentTree ├── y18n@3.2.1
19 silly currentTree ├── yallist@2.1.2
19 silly currentTree └── yargs@3.32.0
20 silly idealTree hexo-site@0.0.0
20 silly idealTree ├── a-sync-waterfall@1.0.1
20 silly idealTree ├── abbrev@1.1.1
20 silly idealTree ├── accepts@1.3.5
20 silly idealTree ├── align-text@0.1.4
20 silly idealTree ├── amdefine@1.0.1
20 silly idealTree ├── ansi-regex@2.1.1
20 silly idealTree ├── ansi-styles@3.2.1
20 silly idealTree ├── anymatch@1.3.2
20 silly idealTree ├── archy@1.0.0
20 silly idealTree ├── argparse@1.0.10
20 silly idealTree ├── arr-diff@2.0.0
20 silly idealTree ├── arr-flatten@1.1.0
20 silly idealTree ├── arr-union@3.1.0
20 silly idealTree ├── array-unique@0.2.1
20 silly idealTree ├── asap@2.0.6
20 silly idealTree ├── assign-symbols@1.0.0
20 silly idealTree ├── async-each@1.0.1
20 silly idealTree ├── async@0.2.10
20 silly idealTree ├── atob@2.1.2
20 silly idealTree ├─┬ babel-code-frame@6.26.0
20 silly idealTree │ ├── ansi-styles@2.2.1
20 silly idealTree │ ├── chalk@1.1.3
20 silly idealTree │ ├── strip-ansi@3.0.1
20 silly idealTree │ └── supports-color@2.0.0
20 silly idealTree ├── babel-eslint@7.2.3
20 silly idealTree ├── babel-messages@6.23.0
20 silly idealTree ├─┬ babel-runtime@6.26.0
20 silly idealTree │ └── core-js@2.5.7
20 silly idealTree ├── babel-traverse@6.26.0
20 silly idealTree ├── babel-types@6.26.0
20 silly idealTree ├── babylon@6.18.0
20 silly idealTree ├── balanced-match@1.0.0
20 silly idealTree ├─┬ base@0.11.2
20 silly idealTree │ ├── define-property@1.0.0
20 silly idealTree │ ├── is-accessor-descriptor@1.0.0
20 silly idealTree │ ├── is-data-descriptor@1.0.0
20 silly idealTree │ ├── is-descriptor@1.0.2
20 silly idealTree │ ├── isobject@3.0.1
20 silly idealTree │ └── kind-of@6.0.2
20 silly idealTree ├── basic-auth@2.0.1
20 silly idealTree ├── binary-extensions@1.12.0
20 silly idealTree ├── bluebird@3.5.2
20 silly idealTree ├── boolbase@1.0.0
20 silly idealTree ├── brace-expansion@1.1.11
20 silly idealTree ├── braces@1.8.5
20 silly idealTree ├── browser-fingerprint@0.0.1
20 silly idealTree ├── bytes@3.0.0
20 silly idealTree ├─┬ cache-base@1.0.1
20 silly idealTree │ └── isobject@3.0.1
20 silly idealTree ├── camel-case@3.0.0
20 silly idealTree ├── camelcase@2.1.1
20 silly idealTree ├── center-align@0.1.3
20 silly idealTree ├── chalk@2.4.1
20 silly idealTree ├── cheerio@0.22.0
20 silly idealTree ├── chokidar@1.7.0
20 silly idealTree ├─┬ class-utils@0.3.6
20 silly idealTree │ ├── define-property@0.2.5
20 silly idealTree │ └── isobject@3.0.1
20 silly idealTree ├─┬ cliui@3.2.0
20 silly idealTree │ └── strip-ansi@3.0.1
20 silly idealTree ├── code-point-at@1.1.0
20 silly idealTree ├── collection-visit@1.0.0
20 silly idealTree ├── color-convert@1.9.3
20 silly idealTree ├── color-name@1.1.3
20 silly idealTree ├── command-exists@1.2.8
20 silly idealTree ├── component-emitter@1.2.1
20 silly idealTree ├── compressible@2.0.15
20 silly idealTree ├── compression@1.7.3
20 silly idealTree ├── concat-map@0.0.1
20 silly idealTree ├── connect@3.6.6
20 silly idealTree ├── copy-descriptor@0.1.1
20 silly idealTree ├── core-js@1.2.7
20 silly idealTree ├── core-util-is@1.0.2
20 silly idealTree ├── cross-spawn@4.0.2
20 silly idealTree ├── css-parse@1.7.0
20 silly idealTree ├── css-select@1.2.0
20 silly idealTree ├── css-what@2.1.2
20 silly idealTree ├── cuid@1.3.8
20 silly idealTree ├── debug@2.6.9
20 silly idealTree ├── decamelize@1.2.0
20 silly idealTree ├── decode-uri-component@0.2.0
20 silly idealTree ├─┬ define-property@2.0.2
20 silly idealTree │ ├── is-accessor-descriptor@1.0.0
20 silly idealTree │ ├── is-data-descriptor@1.0.0
20 silly idealTree │ ├── is-descriptor@1.0.2
20 silly idealTree │ ├── isobject@3.0.1
20 silly idealTree │ └── kind-of@6.0.2
20 silly idealTree ├── depd@1.1.2
20 silly idealTree ├── destroy@1.0.4
20 silly idealTree ├─┬ dom-serializer@0.1.0
20 silly idealTree │ └── domelementtype@1.1.3
20 silly idealTree ├── domelementtype@1.2.1
20 silly idealTree ├── domhandler@2.4.2
20 silly idealTree ├── domutils@1.5.1
20 silly idealTree ├── ee-first@1.1.1
20 silly idealTree ├── ejs@2.6.1
20 silly idealTree ├── encodeurl@1.0.2
20 silly idealTree ├── entities@1.1.2
20 silly idealTree ├── escape-html@1.0.3
20 silly idealTree ├── escape-string-regexp@1.0.5
20 silly idealTree ├── esprima@4.0.1
20 silly idealTree ├── esutils@2.0.2
20 silly idealTree ├── etag@1.8.1
20 silly idealTree ├── expand-brackets@0.1.5
20 silly idealTree ├── expand-range@1.8.2
20 silly idealTree ├─┬ extend-shallow@3.0.2
20 silly idealTree │ └── is-extendable@1.0.1
20 silly idealTree ├── extglob@0.3.2
20 silly idealTree ├── filename-regex@2.0.1
20 silly idealTree ├── fill-range@2.2.4
20 silly idealTree ├── finalhandler@1.1.0
20 silly idealTree ├── for-in@1.0.2
20 silly idealTree ├── for-own@0.1.5
20 silly idealTree ├── fragment-cache@0.2.1
20 silly idealTree ├── fresh@0.5.2
20 silly idealTree ├── fs.realpath@1.0.0
20 silly idealTree ├─┬ fsevents@1.2.4
20 silly idealTree │ ├── abbrev@1.1.1
20 silly idealTree │ ├── ansi-regex@2.1.1
20 silly idealTree │ ├── aproba@1.2.0
20 silly idealTree │ ├── are-we-there-yet@1.1.4
20 silly idealTree │ ├── balanced-match@1.0.0
20 silly idealTree │ ├── brace-expansion@1.1.11
20 silly idealTree │ ├── chownr@1.0.1
20 silly idealTree │ ├── code-point-at@1.1.0
20 silly idealTree │ ├── concat-map@0.0.1
20 silly idealTree │ ├── console-control-strings@1.1.0
20 silly idealTree │ ├── core-util-is@1.0.2
20 silly idealTree │ ├── debug@2.6.9
20 silly idealTree │ ├── deep-extend@0.5.1
20 silly idealTree │ ├── delegates@1.0.0
20 silly idealTree │ ├── detect-libc@1.0.3
20 silly idealTree │ ├── fs-minipass@1.2.5
20 silly idealTree │ ├── fs.realpath@1.0.0
20 silly idealTree │ ├── gauge@2.7.4
20 silly idealTree │ ├── glob@7.1.2
20 silly idealTree │ ├── has-unicode@2.0.1
20 silly idealTree │ ├── iconv-lite@0.4.21
20 silly idealTree │ ├── ignore-walk@3.0.1
20 silly idealTree │ ├── inflight@1.0.6
20 silly idealTree │ ├── inherits@2.0.3
20 silly idealTree │ ├── ini@1.3.5
20 silly idealTree │ ├── is-fullwidth-code-point@1.0.0
20 silly idealTree │ ├── isarray@1.0.0
20 silly idealTree │ ├── minimatch@3.0.4
20 silly idealTree │ ├── minimist@0.0.8
20 silly idealTree │ ├── minipass@2.2.4
20 silly idealTree │ ├── minizlib@1.1.0
20 silly idealTree │ ├── mkdirp@0.5.1
20 silly idealTree │ ├── ms@2.0.0
20 silly idealTree │ ├── needle@2.2.0
20 silly idealTree │ ├── node-pre-gyp@0.10.0
20 silly idealTree │ ├── nopt@4.0.1
20 silly idealTree │ ├── npm-bundled@1.0.3
20 silly idealTree │ ├── npm-packlist@1.1.10
20 silly idealTree │ ├── npmlog@4.1.2
20 silly idealTree │ ├── number-is-nan@1.0.1
20 silly idealTree │ ├── object-assign@4.1.1
20 silly idealTree │ ├── once@1.4.0
20 silly idealTree │ ├── os-homedir@1.0.2
20 silly idealTree │ ├── os-tmpdir@1.0.2
20 silly idealTree │ ├── osenv@0.1.5
20 silly idealTree │ ├── path-is-absolute@1.0.1
20 silly idealTree │ ├── process-nextick-args@2.0.0
20 silly idealTree │ ├─┬ rc@1.2.7
20 silly idealTree │ │ └── minimist@1.2.0
20 silly idealTree │ ├── readable-stream@2.3.6
20 silly idealTree │ ├── rimraf@2.6.2
20 silly idealTree │ ├── safe-buffer@5.1.1
20 silly idealTree │ ├── safer-buffer@2.1.2
20 silly idealTree │ ├── sax@1.2.4
20 silly idealTree │ ├── semver@5.5.0
20 silly idealTree │ ├── set-blocking@2.0.0
20 silly idealTree │ ├── signal-exit@3.0.2
20 silly idealTree │ ├── string_decoder@1.1.1
20 silly idealTree │ ├── string-width@1.0.2
20 silly idealTree │ ├── strip-ansi@3.0.1
20 silly idealTree │ ├── strip-json-comments@2.0.1
20 silly idealTree │ ├── tar@4.4.1
20 silly idealTree │ ├── util-deprecate@1.0.2
20 silly idealTree │ ├── wide-align@1.1.2
20 silly idealTree │ ├── wrappy@1.0.2
20 silly idealTree │ └── yallist@3.0.2
20 silly idealTree ├── get-value@2.0.6
20 silly idealTree ├── glob-base@0.3.0
20 silly idealTree ├── glob-parent@2.0.0
20 silly idealTree ├── glob@6.0.4
20 silly idealTree ├── globals@9.18.0
20 silly idealTree ├── graceful-fs@4.1.11
20 silly idealTree ├── has-ansi@2.0.0
20 silly idealTree ├── has-flag@3.0.0
20 silly idealTree ├─┬ has-value@1.0.0
20 silly idealTree │ └── isobject@3.0.1
20 silly idealTree ├─┬ has-values@1.0.0
20 silly idealTree │ ├─┬ is-number@3.0.0
20 silly idealTree │ │ └── kind-of@3.2.2
20 silly idealTree │ └── kind-of@4.0.0
20 silly idealTree ├── hexo-bunyan@1.0.0
20 silly idealTree ├─┬ hexo-deployer-git@0.3.1
20 silly idealTree │ ├── ansi-styles@2.2.1
20 silly idealTree │ ├── camelcase@1.2.1
20 silly idealTree │ ├── chalk@1.1.3
20 silly idealTree │ ├── source-map@0.1.34
20 silly idealTree │ ├── strip-ansi@3.0.1
20 silly idealTree │ ├── supports-color@2.0.0
20 silly idealTree │ ├── swig@1.4.2
20 silly idealTree │ ├── uglify-js@2.4.24
20 silly idealTree │ ├── window-size@0.1.0
20 silly idealTree │ ├── wordwrap@0.0.2
20 silly idealTree │ └── yargs@3.5.4
20 silly idealTree ├── hexo-front-matter@0.2.3
20 silly idealTree ├── hexo-fs@0.2.3
20 silly idealTree ├─┬ hexo-generator-archive@0.1.5
20 silly idealTree │ └── object-assign@2.1.1
20 silly idealTree ├─┬ hexo-generator-category@0.1.3
20 silly idealTree │ └── object-assign@2.1.1
20 silly idealTree ├── hexo-generator-feed@1.2.2
20 silly idealTree ├── hexo-generator-index@0.2.1
20 silly idealTree ├─┬ hexo-generator-sitemap@1.2.0
20 silly idealTree │ └── nunjucks@2.5.2
20 silly idealTree ├── hexo-generator-tag@0.2.0
20 silly idealTree ├── hexo-i18n@0.2.1
20 silly idealTree ├─┬ hexo-log@0.2.0
20 silly idealTree │ ├── ansi-styles@2.2.1
20 silly idealTree │ ├── chalk@1.1.3
20 silly idealTree │ ├── strip-ansi@3.0.1
20 silly idealTree │ └── supports-color@2.0.0
20 silly idealTree ├── hexo-pagination@0.0.2
20 silly idealTree ├── hexo-renderer-ejs@0.3.1
20 silly idealTree ├── hexo-renderer-marked@0.3.2
20 silly idealTree ├── hexo-renderer-stylus@0.3.3
20 silly idealTree ├─┬ hexo-server@0.3.3
20 silly idealTree │ ├── ansi-styles@2.2.1
20 silly idealTree │ ├── chalk@1.1.3
20 silly idealTree │ ├── strip-ansi@3.0.1
20 silly idealTree │ └── supports-color@2.0.0
20 silly idealTree ├── hexo-util@0.6.3
20 silly idealTree ├─┬ hexo@3.8.0
20 silly idealTree │ ├── ansi-styles@2.2.1
20 silly idealTree │ ├─┬ hexo-cli@1.1.0
20 silly idealTree │ │ ├── chalk@1.1.3
20 silly idealTree │ │ └── strip-ansi@3.0.1
20 silly idealTree │ └── supports-color@2.0.0
20 silly idealTree ├── highlight.js@9.13.1
20 silly idealTree ├── html-entities@1.2.1
20 silly idealTree ├─┬ htmlparser2@3.10.0
20 silly idealTree │ └── domelementtype@1.3.0
20 silly idealTree ├─┬ http-errors@1.6.3
20 silly idealTree │ └── statuses@1.5.0
20 silly idealTree ├── inflight@1.0.6
20 silly idealTree ├── inherits@2.0.3
20 silly idealTree ├── invariant@2.2.4
20 silly idealTree ├── invert-kv@1.0.0
20 silly idealTree ├── is-accessor-descriptor@0.1.6
20 silly idealTree ├── is-binary-path@1.0.1
20 silly idealTree ├── is-buffer@1.1.6
20 silly idealTree ├── is-data-descriptor@0.1.4
20 silly idealTree ├─┬ is-descriptor@0.1.6
20 silly idealTree │ └── kind-of@5.1.0
20 silly idealTree ├── is-dotfile@1.0.3
20 silly idealTree ├── is-equal-shallow@0.1.3
20 silly idealTree ├── is-extendable@0.1.1
20 silly idealTree ├── is-extglob@1.0.0
20 silly idealTree ├── is-fullwidth-code-point@1.0.0
20 silly idealTree ├── is-glob@2.0.1
20 silly idealTree ├── is-number@2.1.0
20 silly idealTree ├─┬ is-plain-object@2.0.4
20 silly idealTree │ └── isobject@3.0.1
20 silly idealTree ├── is-posix-bracket@0.1.1
20 silly idealTree ├── is-primitive@2.0.0
20 silly idealTree ├── is-windows@1.0.2
20 silly idealTree ├── is-wsl@1.1.0
20 silly idealTree ├── isarray@1.0.0
20 silly idealTree ├── isexe@2.0.0
20 silly idealTree ├── isobject@2.1.0
20 silly idealTree ├── js-tokens@3.0.2
20 silly idealTree ├── js-yaml@3.12.0
20 silly idealTree ├── jsonparse@1.3.1
20 silly idealTree ├── JSONStream@1.3.5
20 silly idealTree ├── kind-of@3.2.2
20 silly idealTree ├── lazy-cache@1.0.4
20 silly idealTree ├── lcid@1.0.0
20 silly idealTree ├── lodash.assignin@4.2.0
20 silly idealTree ├── lodash.bind@4.2.1
20 silly idealTree ├── lodash.debounce@4.0.8
20 silly idealTree ├── lodash.defaults@4.2.0
20 silly idealTree ├── lodash.filter@4.6.0
20 silly idealTree ├── lodash.flatten@4.4.0
20 silly idealTree ├── lodash.foreach@4.5.0
20 silly idealTree ├── lodash.map@4.6.0
20 silly idealTree ├── lodash.merge@4.6.1
20 silly idealTree ├── lodash.pick@4.4.0
20 silly idealTree ├── lodash.reduce@4.6.0
20 silly idealTree ├── lodash.reject@4.6.0
20 silly idealTree ├── lodash.some@4.6.0
20 silly idealTree ├── lodash@4.17.11
20 silly idealTree ├── longest@1.0.1
20 silly idealTree ├── loose-envify@1.4.0
20 silly idealTree ├── lower-case@1.1.4
20 silly idealTree ├── lru-cache@4.1.3
20 silly idealTree ├── map-cache@0.2.2
20 silly idealTree ├── map-visit@1.0.0
20 silly idealTree ├── markdown@0.5.0
20 silly idealTree ├── marked@0.3.19
20 silly idealTree ├── math-random@1.0.1
20 silly idealTree ├── micromatch@2.3.11
20 silly idealTree ├── mime-db@1.37.0
20 silly idealTree ├── mime-types@2.1.21
20 silly idealTree ├── mime@1.6.0
20 silly idealTree ├── minimatch@3.0.4
20 silly idealTree ├── minimist@1.2.0
20 silly idealTree ├─┬ mixin-deep@1.3.1
20 silly idealTree │ └── is-extendable@1.0.1
20 silly idealTree ├─┬ mkdirp@0.5.1
20 silly idealTree │ └── minimist@0.0.8
20 silly idealTree ├── moment-timezone@0.5.23
20 silly idealTree ├── moment@2.22.2
20 silly idealTree ├── morgan@1.9.1
20 silly idealTree ├── ms@2.0.0
20 silly idealTree ├── mv@2.1.1
20 silly idealTree ├── nan@2.11.1
20 silly idealTree ├─┬ nanomatch@1.2.13
20 silly idealTree │ ├── arr-diff@4.0.0
20 silly idealTree │ ├── array-unique@0.3.2
20 silly idealTree │ └── kind-of@6.0.2
20 silly idealTree ├── ncp@2.0.0
20 silly idealTree ├── negotiator@0.6.1
20 silly idealTree ├── nib@1.1.2
20 silly idealTree ├── no-case@2.3.2
20 silly idealTree ├── node-fingerprint@0.0.2
20 silly idealTree ├── nopt@2.1.2
20 silly idealTree ├── normalize-path@2.1.1
20 silly idealTree ├── nth-check@1.0.2
20 silly idealTree ├── number-is-nan@1.0.1
20 silly idealTree ├─┬ nunjucks@3.1.3
20 silly idealTree │ ├── anymatch@2.0.0
20 silly idealTree │ ├── arr-diff@4.0.0
20 silly idealTree │ ├── array-unique@0.3.2
20 silly idealTree │ ├─┬ braces@2.3.2
20 silly idealTree │ │ └── extend-shallow@2.0.1
20 silly idealTree │ ├── chokidar@2.0.4
20 silly idealTree │ ├─┬ expand-brackets@2.1.4
20 silly idealTree │ │ ├── define-property@0.2.5
20 silly idealTree │ │ ├── extend-shallow@2.0.1
20 silly idealTree │ │ ├─┬ is-accessor-descriptor@0.1.6
20 silly idealTree │ │ │ └── kind-of@3.2.2
20 silly idealTree │ │ ├─┬ is-data-descriptor@0.1.4
20 silly idealTree │ │ │ └── kind-of@3.2.2
20 silly idealTree │ │ ├── is-descriptor@0.1.6
20 silly idealTree │ │ └── kind-of@5.1.0
20 silly idealTree │ ├─┬ extglob@2.0.4
20 silly idealTree │ │ ├── define-property@1.0.0
20 silly idealTree │ │ └── extend-shallow@2.0.1
20 silly idealTree │ ├─┬ fill-range@4.0.0
20 silly idealTree │ │ └── extend-shallow@2.0.1
20 silly idealTree │ ├─┬ glob-parent@3.1.0
20 silly idealTree │ │ └── is-glob@3.1.0
20 silly idealTree │ ├── is-accessor-descriptor@1.0.0
20 silly idealTree │ ├── is-data-descriptor@1.0.0
20 silly idealTree │ ├── is-descriptor@1.0.2
20 silly idealTree │ ├── is-extglob@2.1.1
20 silly idealTree │ ├── is-glob@4.0.0
20 silly idealTree │ ├─┬ is-number@3.0.0
20 silly idealTree │ │ └── kind-of@3.2.2
20 silly idealTree │ ├── isobject@3.0.1
20 silly idealTree │ ├── kind-of@6.0.2
20 silly idealTree │ └── micromatch@3.1.10
20 silly idealTree ├── object-assign@4.1.1
20 silly idealTree ├─┬ object-copy@0.1.0
20 silly idealTree │ └── define-property@0.2.5
20 silly idealTree ├─┬ object-visit@1.0.1
20 silly idealTree │ └── isobject@3.0.1
20 silly idealTree ├── object.omit@2.0.1
20 silly idealTree ├─┬ object.pick@1.3.0
20 silly idealTree │ └── isobject@3.0.1
20 silly idealTree ├── on-finished@2.3.0
20 silly idealTree ├── on-headers@1.0.1
20 silly idealTree ├── once@1.4.0
20 silly idealTree ├── opn@5.4.0
20 silly idealTree ├─┬ optimist@0.6.1
20 silly idealTree │ └── minimist@0.0.10
20 silly idealTree ├── os-homedir@1.0.2
20 silly idealTree ├── os-locale@1.4.0
20 silly idealTree ├── parse-glob@3.0.4
20 silly idealTree ├── parseurl@1.3.2
20 silly idealTree ├── pascalcase@0.1.1
20 silly idealTree ├── path-dirname@1.0.2
20 silly idealTree ├── path-is-absolute@1.0.1
20 silly idealTree ├── path-parse@1.0.6
20 silly idealTree ├── posix-character-classes@0.1.1
20 silly idealTree ├── postinstall-build@5.0.3
20 silly idealTree ├── preserve@0.2.0
20 silly idealTree ├── pretty-hrtime@1.0.3
20 silly idealTree ├── process-nextick-args@2.0.0
20 silly idealTree ├── pseudomap@1.0.2
20 silly idealTree ├─┬ randomatic@3.1.1
20 silly idealTree │ ├── is-number@4.0.0
20 silly idealTree │ └── kind-of@6.0.2
20 silly idealTree ├── range-parser@1.2.0
20 silly idealTree ├── readable-stream@3.0.6
20 silly idealTree ├─┬ readdirp@2.2.1
20 silly idealTree │ ├── arr-diff@4.0.0
20 silly idealTree │ ├── array-unique@0.3.2
20 silly idealTree │ ├─┬ braces@2.3.2
20 silly idealTree │ │ └── extend-shallow@2.0.1
20 silly idealTree │ ├─┬ expand-brackets@2.1.4
20 silly idealTree │ │ ├── define-property@0.2.5
20 silly idealTree │ │ ├── extend-shallow@2.0.1
20 silly idealTree │ │ ├─┬ is-accessor-descriptor@0.1.6
20 silly idealTree │ │ │ └── kind-of@3.2.2
20 silly idealTree │ │ ├─┬ is-data-descriptor@0.1.4
20 silly idealTree │ │ │ └── kind-of@3.2.2
20 silly idealTree │ │ ├── is-descriptor@0.1.6
20 silly idealTree │ │ └── kind-of@5.1.0
20 silly idealTree │ ├─┬ extglob@2.0.4
20 silly idealTree │ │ ├── define-property@1.0.0
20 silly idealTree │ │ └── extend-shallow@2.0.1
20 silly idealTree │ ├─┬ fill-range@4.0.0
20 silly idealTree │ │ └── extend-shallow@2.0.1
20 silly idealTree │ ├── is-accessor-descriptor@1.0.0
20 silly idealTree │ ├── is-data-descriptor@1.0.0
20 silly idealTree │ ├── is-descriptor@1.0.2
20 silly idealTree │ ├─┬ is-number@3.0.0
20 silly idealTree │ │ └── kind-of@3.2.2
20 silly idealTree │ ├── isobject@3.0.1
20 silly idealTree │ ├── kind-of@6.0.2
20 silly idealTree │ ├── micromatch@3.1.10
20 silly idealTree │ └── readable-stream@2.3.6
20 silly idealTree ├── regenerator-runtime@0.11.1
20 silly idealTree ├── regex-cache@0.4.4
20 silly idealTree ├── regex-not@1.0.2
20 silly idealTree ├── remove-trailing-separator@1.1.0
20 silly idealTree ├── repeat-element@1.1.3
20 silly idealTree ├── repeat-string@1.6.1
20 silly idealTree ├── resolve-url@0.2.1
20 silly idealTree ├── resolve@1.8.1
20 silly idealTree ├── ret@0.1.15
20 silly idealTree ├── right-align@0.1.3
20 silly idealTree ├── rimraf@2.4.5
20 silly idealTree ├── safe-buffer@5.1.2
20 silly idealTree ├── safe-json-stringify@1.2.0
20 silly idealTree ├── safe-regex@1.1.0
20 silly idealTree ├── sax@0.5.8
20 silly idealTree ├─┬ send@0.16.2
20 silly idealTree │ ├── mime@1.4.1
20 silly idealTree │ └── statuses@1.4.0
20 silly idealTree ├── serve-static@1.13.2
20 silly idealTree ├─┬ set-value@2.0.0
20 silly idealTree │ └── extend-shallow@2.0.1
20 silly idealTree ├── setprototypeof@1.1.0
20 silly idealTree ├─┬ snapdragon-node@2.1.1
20 silly idealTree │ ├── define-property@1.0.0
20 silly idealTree │ ├── is-accessor-descriptor@1.0.0
20 silly idealTree │ ├── is-data-descriptor@1.0.0
20 silly idealTree │ ├── is-descriptor@1.0.2
20 silly idealTree │ ├── isobject@3.0.1
20 silly idealTree │ └── kind-of@6.0.2
20 silly idealTree ├── snapdragon-util@3.0.1
20 silly idealTree ├─┬ snapdragon@0.8.2
20 silly idealTree │ ├── define-property@0.2.5
20 silly idealTree │ └── extend-shallow@2.0.1
20 silly idealTree ├── source-map-resolve@0.5.2
20 silly idealTree ├── source-map-url@0.4.0
20 silly idealTree ├── source-map@0.5.7
20 silly idealTree ├── split-string@3.1.0
20 silly idealTree ├── sprintf-js@1.0.3
20 silly idealTree ├─┬ static-extend@0.1.2
20 silly idealTree │ └── define-property@0.2.5
20 silly idealTree ├── statuses@1.3.1
20 silly idealTree ├── string_decoder@1.1.1
20 silly idealTree ├─┬ string-width@1.0.2
20 silly idealTree │ └── strip-ansi@3.0.1
20 silly idealTree ├─┬ strip-ansi@4.0.0
20 silly idealTree │ └── ansi-regex@3.0.0
20 silly idealTree ├── strip-indent@2.0.0
20 silly idealTree ├── striptags@2.2.1
20 silly idealTree ├─┬ stylus@0.54.5
20 silly idealTree │ ├── glob@7.0.6
20 silly idealTree │ └── source-map@0.1.43
20 silly idealTree ├── supports-color@5.5.0
20 silly idealTree ├── swig-extras@0.0.1
20 silly idealTree ├── swig-templates@2.0.3
20 silly idealTree ├── text-table@0.2.0
20 silly idealTree ├── through@2.3.8
20 silly idealTree ├── tildify@1.2.0
20 silly idealTree ├── titlecase@1.1.2
20 silly idealTree ├── to-fast-properties@1.0.3
20 silly idealTree ├── to-object-path@0.3.0
20 silly idealTree ├─┬ to-regex-range@2.1.1
20 silly idealTree │ └── is-number@3.0.0
20 silly idealTree ├── to-regex@3.0.2
20 silly idealTree ├─┬ uglify-js@2.6.0
20 silly idealTree │ ├── camelcase@1.2.1
20 silly idealTree │ ├── cliui@2.1.0
20 silly idealTree │ ├── window-size@0.1.0
20 silly idealTree │ ├── wordwrap@0.0.2
20 silly idealTree │ └── yargs@3.10.0
20 silly idealTree ├── uglify-to-browserify@1.0.2
20 silly idealTree ├─┬ union-value@1.0.0
20 silly idealTree │ ├── extend-shallow@2.0.1
20 silly idealTree │ └── set-value@0.4.3
20 silly idealTree ├── unpipe@1.0.0
20 silly idealTree ├─┬ unset-value@1.0.0
20 silly idealTree │ ├─┬ has-value@0.3.1
20 silly idealTree │ │ └── isobject@2.1.0
20 silly idealTree │ ├── has-values@0.1.4
20 silly idealTree │ └── isobject@3.0.1
20 silly idealTree ├── upath@1.1.0
20 silly idealTree ├── upper-case@1.1.3
20 silly idealTree ├── urix@0.1.0
20 silly idealTree ├── use@3.1.1
20 silly idealTree ├── util-deprecate@1.0.2
20 silly idealTree ├── utils-merge@1.0.1
20 silly idealTree ├── vary@1.1.2
20 silly idealTree ├── warehouse@2.2.0
20 silly idealTree ├── which@1.3.1
20 silly idealTree ├── window-size@0.1.4
20 silly idealTree ├── wordwrap@0.0.3
20 silly idealTree ├─┬ wrap-ansi@2.1.0
20 silly idealTree │ └── strip-ansi@3.0.1
20 silly idealTree ├── wrappy@1.0.2
20 silly idealTree ├── y18n@3.2.1
20 silly idealTree ├── yallist@2.1.2
20 silly idealTree └── yargs@3.32.0
21 silly install generateActionsToTake
22 warn checkPermissions Missing write access to /home/sdz/blog/node_modules/invariant
23 warn checkPermissions Missing write access to /home/sdz/blog/node_modules/hexo-deployer-git
24 warn checkPermissions Missing write access to /home/sdz/blog/node_modules/_is-descriptor@0.1.6@is-descriptor/node_modules/is-accessor-descriptor
25 warn checkPermissions Missing write access to /home/sdz/blog/node_modules/_is-descriptor@0.1.6@is-descriptor/node_modules/is-data-descriptor
26 warn checkPermissions Missing write access to /home/sdz/blog/node_modules/_set-value@0.4.3@set-value/node_modules/is-plain-object
27 timing stage:rollbackFailedOptional Completed in 1ms
28 timing stage:runTopLevelLifecycles Completed in 2565ms
29 silly saveTree hexo-site@0.0.0
29 silly saveTree ├─┬ hexo-deployer-git@0.3.1
29 silly saveTree │ ├─┬ babel-eslint@7.2.3
29 silly saveTree │ │ ├─┬ babel-code-frame@6.26.0
29 silly saveTree │ │ │ ├─┬ chalk@1.1.3
29 silly saveTree │ │ │ │ ├── ansi-styles@2.2.1
29 silly saveTree │ │ │ │ ├── escape-string-regexp@1.0.5
29 silly saveTree │ │ │ │ ├─┬ has-ansi@2.0.0
29 silly saveTree │ │ │ │ │ └── ansi-regex@2.1.1
29 silly saveTree │ │ │ │ ├── strip-ansi@3.0.1
29 silly saveTree │ │ │ │ └── supports-color@2.0.0
29 silly saveTree │ │ │ ├── esutils@2.0.2
29 silly saveTree │ │ │ └── js-tokens@3.0.2
29 silly saveTree │ │ ├─┬ babel-traverse@6.26.0
29 silly saveTree │ │ │ ├─┬ babel-messages@6.23.0
29 silly saveTree │ │ │ │ └─┬ babel-runtime@6.26.0
29 silly saveTree │ │ │ │   ├── core-js@2.5.7
29 silly saveTree │ │ │ │   └── regenerator-runtime@0.11.1
29 silly saveTree │ │ │ ├── babel-runtime@6.26.0
29 silly saveTree │ │ │ ├─┬ babel-types@6.26.0
29 silly saveTree │ │ │ │ ├── lodash@4.17.11
29 silly saveTree │ │ │ │ └── to-fast-properties@1.0.3
29 silly saveTree │ │ │ ├── babylon@6.18.0
29 silly saveTree │ │ │ ├─┬ debug@2.6.9
29 silly saveTree │ │ │ │ └── ms@2.0.0
29 silly saveTree │ │ │ ├── globals@9.18.0
29 silly saveTree │ │ │ ├─┬ invariant@2.2.4
29 silly saveTree │ │ │ │ └── loose-envify@1.4.0
29 silly saveTree │ │ │ └── lodash@4.17.11
29 silly saveTree │ │ ├── babel-types@6.26.0
29 silly saveTree │ │ └── babylon@6.18.0
29 silly saveTree │ ├── bluebird@3.5.2
29 silly saveTree │ ├─┬ chalk@1.1.3
29 silly saveTree │ │ ├── ansi-styles@2.2.1
29 silly saveTree │ │ ├── strip-ansi@3.0.1
29 silly saveTree │ │ └── supports-color@2.0.0
29 silly saveTree │ ├─┬ hexo-fs@0.2.3
29 silly saveTree │ │ ├─┬ chokidar@1.7.0
29 silly saveTree │ │ │ ├─┬ anymatch@1.3.2
29 silly saveTree │ │ │ │ ├─┬ micromatch@2.3.11
29 silly saveTree │ │ │ │ │ ├─┬ arr-diff@2.0.0
29 silly saveTree │ │ │ │ │ │ └── arr-flatten@1.1.0
29 silly saveTree │ │ │ │ │ ├── array-unique@0.2.1
29 silly saveTree │ │ │ │ │ ├─┬ braces@1.8.5
29 silly saveTree │ │ │ │ │ │ ├─┬ expand-range@1.8.2
29 silly saveTree │ │ │ │ │ │ │ └─┬ fill-range@2.2.4
29 silly saveTree │ │ │ │ │ │ │   ├─┬ is-number@2.1.0
29 silly saveTree │ │ │ │ │ │ │   │ └─┬ kind-of@3.2.2
29 silly saveTree │ │ │ │ │ │ │   │   └── is-buffer@1.1.6
29 silly saveTree │ │ │ │ │ │ │   ├─┬ isobject@2.1.0
29 silly saveTree │ │ │ │ │ │ │   │ └── isarray@1.0.0
29 silly saveTree │ │ │ │ │ │ │   ├─┬ randomatic@3.1.1
29 silly saveTree │ │ │ │ │ │ │   │ ├── is-number@4.0.0
29 silly saveTree │ │ │ │ │ │ │   │ ├── kind-of@6.0.2
29 silly saveTree │ │ │ │ │ │ │   │ └── math-random@1.0.1
29 silly saveTree │ │ │ │ │ │ │   ├── repeat-element@1.1.3
29 silly saveTree │ │ │ │ │ │ │   └── repeat-string@1.6.1
29 silly saveTree │ │ │ │ │ │ ├── preserve@0.2.0
29 silly saveTree │ │ │ │ │ │ └── repeat-element@1.1.3
29 silly saveTree │ │ │ │ │ ├─┬ expand-brackets@0.1.5
29 silly saveTree │ │ │ │ │ │ └── is-posix-bracket@0.1.1
29 silly saveTree │ │ │ │ │ ├─┬ extglob@0.3.2
29 silly saveTree │ │ │ │ │ │ └── is-extglob@1.0.0
29 silly saveTree │ │ │ │ │ ├── filename-regex@2.0.1
29 silly saveTree │ │ │ │ │ ├── is-extglob@1.0.0
29 silly saveTree │ │ │ │ │ ├── is-glob@2.0.1
29 silly saveTree │ │ │ │ │ ├── kind-of@3.2.2
29 silly saveTree │ │ │ │ │ ├─┬ normalize-path@2.1.1
29 silly saveTree │ │ │ │ │ │ └── remove-trailing-separator@1.1.0
29 silly saveTree │ │ │ │ │ ├─┬ object.omit@2.0.1
29 silly saveTree │ │ │ │ │ │ ├─┬ for-own@0.1.5
29 silly saveTree │ │ │ │ │ │ │ └── for-in@1.0.2
29 silly saveTree │ │ │ │ │ │ └── is-extendable@0.1.1
29 silly saveTree │ │ │ │ │ ├─┬ parse-glob@3.0.4
29 silly saveTree │ │ │ │ │ │ ├─┬ glob-base@0.3.0
29 silly saveTree │ │ │ │ │ │ │ └── glob-parent@2.0.0
29 silly saveTree │ │ │ │ │ │ └── is-dotfile@1.0.3
29 silly saveTree │ │ │ │ │ └─┬ regex-cache@0.4.4
29 silly saveTree │ │ │ │ │   └─┬ is-equal-shallow@0.1.3
29 silly saveTree │ │ │ │ │     └── is-primitive@2.0.0
29 silly saveTree │ │ │ │ └── normalize-path@2.1.1
29 silly saveTree │ │ │ ├── async-each@1.0.1
29 silly saveTree │ │ │ ├─┬ fsevents@1.2.4
29 silly saveTree │ │ │ │ ├── nan@2.11.1
29 silly saveTree │ │ │ │ └─┬ node-pre-gyp@0.10.0
29 silly saveTree │ │ │ │   ├── detect-libc@1.0.3
29 silly saveTree │ │ │ │   ├─┬ mkdirp@0.5.1
29 silly saveTree │ │ │ │   │ └── minimist@0.0.8
29 silly saveTree │ │ │ │   ├─┬ needle@2.2.0
29 silly saveTree │ │ │ │   │ ├─┬ debug@2.6.9
29 silly saveTree │ │ │ │   │ │ └── ms@2.0.0
29 silly saveTree │ │ │ │   │ ├─┬ iconv-lite@0.4.21
29 silly saveTree │ │ │ │   │ │ └── safer-buffer@2.1.2
29 silly saveTree │ │ │ │   │ └── sax@1.2.4
29 silly saveTree │ │ │ │   ├─┬ nopt@4.0.1
29 silly saveTree │ │ │ │   │ ├── abbrev@1.1.1
29 silly saveTree │ │ │ │   │ └─┬ osenv@0.1.5
29 silly saveTree │ │ │ │   │   ├── os-homedir@1.0.2
29 silly saveTree │ │ │ │   │   └── os-tmpdir@1.0.2
29 silly saveTree │ │ │ │   ├─┬ npm-packlist@1.1.10
29 silly saveTree │ │ │ │   │ ├─┬ ignore-walk@3.0.1
29 silly saveTree │ │ │ │   │ │ └─┬ minimatch@3.0.4
29 silly saveTree │ │ │ │   │ │   └─┬ brace-expansion@1.1.11
29 silly saveTree │ │ │ │   │ │     ├── balanced-match@1.0.0
29 silly saveTree │ │ │ │   │ │     └── concat-map@0.0.1
29 silly saveTree │ │ │ │   │ └── npm-bundled@1.0.3
29 silly saveTree │ │ │ │   ├─┬ npmlog@4.1.2
29 silly saveTree │ │ │ │   │ ├─┬ are-we-there-yet@1.1.4
29 silly saveTree │ │ │ │   │ │ ├── delegates@1.0.0
29 silly saveTree │ │ │ │   │ │ └─┬ readable-stream@2.3.6
29 silly saveTree │ │ │ │   │ │   ├── core-util-is@1.0.2
29 silly saveTree │ │ │ │   │ │   ├── inherits@2.0.3
29 silly saveTree │ │ │ │   │ │   ├── isarray@1.0.0
29 silly saveTree │ │ │ │   │ │   ├── process-nextick-args@2.0.0
29 silly saveTree │ │ │ │   │ │   ├── safe-buffer@5.1.1
29 silly saveTree │ │ │ │   │ │   ├── string_decoder@1.1.1
29 silly saveTree │ │ │ │   │ │   └── util-deprecate@1.0.2
29 silly saveTree │ │ │ │   │ ├── console-control-strings@1.1.0
29 silly saveTree │ │ │ │   │ ├─┬ gauge@2.7.4
29 silly saveTree │ │ │ │   │ │ ├── aproba@1.2.0
29 silly saveTree │ │ │ │   │ │ ├── has-unicode@2.0.1
29 silly saveTree │ │ │ │   │ │ ├── object-assign@4.1.1
29 silly saveTree │ │ │ │   │ │ ├── signal-exit@3.0.2
29 silly saveTree │ │ │ │   │ │ ├─┬ string-width@1.0.2
29 silly saveTree │ │ │ │   │ │ │ ├── code-point-at@1.1.0
29 silly saveTree │ │ │ │   │ │ │ ├─┬ is-fullwidth-code-point@1.0.0
29 silly saveTree │ │ │ │   │ │ │ │ └── number-is-nan@1.0.1
29 silly saveTree │ │ │ │   │ │ │ └─┬ strip-ansi@3.0.1
29 silly saveTree │ │ │ │   │ │ │   └── ansi-regex@2.1.1
29 silly saveTree │ │ │ │   │ │ ├── strip-ansi@3.0.1
29 silly saveTree │ │ │ │   │ │ └── wide-align@1.1.2
29 silly saveTree │ │ │ │   │ └── set-blocking@2.0.0
29 silly saveTree │ │ │ │   ├─┬ rc@1.2.7
29 silly saveTree │ │ │ │   │ ├── deep-extend@0.5.1
29 silly saveTree │ │ │ │   │ ├── ini@1.3.5
29 silly saveTree │ │ │ │   │ ├── minimist@1.2.0
29 silly saveTree │ │ │ │   │ └── strip-json-comments@2.0.1
29 silly saveTree │ │ │ │   ├─┬ rimraf@2.6.2
29 silly saveTree │ │ │ │   │ └─┬ glob@7.1.2
29 silly saveTree │ │ │ │   │   ├── fs.realpath@1.0.0
29 silly saveTree │ │ │ │   │   ├─┬ inflight@1.0.6
29 silly saveTree │ │ │ │   │   │ ├─┬ once@1.4.0
29 silly saveTree │ │ │ │   │   │ │ └── wrappy@1.0.2
29 silly saveTree │ │ │ │   │   │ └── wrappy@1.0.2
29 silly saveTree │ │ │ │   │   ├── once@1.4.0
29 silly saveTree │ │ │ │   │   └── path-is-absolute@1.0.1
29 silly saveTree │ │ │ │   ├── semver@5.5.0
29 silly saveTree │ │ │ │   └─┬ tar@4.4.1
29 silly saveTree │ │ │ │     ├── chownr@1.0.1
29 silly saveTree │ │ │ │     ├─┬ fs-minipass@1.2.5
29 silly saveTree │ │ │ │     │ └─┬ minipass@2.2.4
29 silly saveTree │ │ │ │     │   └── yallist@3.0.2
29 silly saveTree │ │ │ │     ├── minipass@2.2.4
29 silly saveTree │ │ │ │     ├── minizlib@1.1.0
29 silly saveTree │ │ │ │     └── yallist@3.0.2
29 silly saveTree │ │ │ ├── glob-parent@2.0.0
29 silly saveTree │ │ │ ├── inherits@2.0.3
29 silly saveTree │ │ │ ├─┬ is-binary-path@1.0.1
29 silly saveTree │ │ │ │ └── binary-extensions@1.12.0
29 silly saveTree │ │ │ ├── is-glob@2.0.1
29 silly saveTree │ │ │ ├── path-is-absolute@1.0.1
29 silly saveTree │ │ │ └─┬ readdirp@2.2.1
29 silly saveTree │ │ │   ├── graceful-fs@4.1.11
29 silly saveTree │ │ │   ├─┬ micromatch@3.1.10
29 silly saveTree │ │ │   │ ├── arr-diff@4.0.0
29 silly saveTree │ │ │   │ ├── array-unique@0.3.2
29 silly saveTree │ │ │   │ ├─┬ braces@2.3.2
29 silly saveTree │ │ │   │ │ ├── extend-shallow@2.0.1
29 silly saveTree │ │ │   │ │ ├─┬ fill-range@4.0.0
29 silly saveTree │ │ │   │ │ │ ├── extend-shallow@2.0.1
29 silly saveTree │ │ │   │ │ │ ├─┬ is-number@3.0.0
29 silly saveTree │ │ │   │ │ │ │ └── kind-of@3.2.2
29 silly saveTree │ │ │   │ │ │ └─┬ to-regex-range@2.1.1
29 silly saveTree │ │ │   │ │ │   └── is-number@3.0.0
29 silly saveTree │ │ │   │ │ ├── isobject@3.0.1
29 silly saveTree │ │ │   │ │ ├─┬ snapdragon-node@2.1.1
29 silly saveTree │ │ │   │ │ │ ├─┬ define-property@1.0.0
29 silly saveTree │ │ │   │ │ │ │ └─┬ is-descriptor@1.0.2
29 silly saveTree │ │ │   │ │ │ │   ├─┬ is-accessor-descriptor@1.0.0
29 silly saveTree │ │ │   │ │ │ │   │ └── kind-of@6.0.2
29 silly saveTree │ │ │   │ │ │ │   ├── is-data-descriptor@1.0.0
29 silly saveTree │ │ │   │ │ │ │   └── kind-of@6.0.2
29 silly saveTree │ │ │   │ │ │ ├── isobject@3.0.1
29 silly saveTree │ │ │   │ │ │ └── snapdragon-util@3.0.1
29 silly saveTree │ │ │   │ │ ├─┬ snapdragon@0.8.2
29 silly saveTree │ │ │   │ │ │ ├─┬ base@0.11.2
29 silly saveTree │ │ │   │ │ │ │ ├─┬ cache-base@1.0.1
29 silly saveTree │ │ │   │ │ │ │ │ ├─┬ collection-visit@1.0.0
29 silly saveTree │ │ │   │ │ │ │ │ │ ├─┬ map-visit@1.0.0
29 silly saveTree │ │ │   │ │ │ │ │ │ │ └─┬ object-visit@1.0.1
29 silly saveTree │ │ │   │ │ │ │ │ │ │   └── isobject@3.0.1
29 silly saveTree │ │ │   │ │ │ │ │ │ └── object-visit@1.0.1
29 silly saveTree │ │ │   │ │ │ │ │ ├── component-emitter@1.2.1
29 silly saveTree │ │ │   │ │ │ │ │ ├── get-value@2.0.6
29 silly saveTree │ │ │   │ │ │ │ │ ├─┬ has-value@1.0.0
29 silly saveTree │ │ │   │ │ │ │ │ │ ├─┬ has-values@1.0.0
29 silly saveTree │ │ │   │ │ │ │ │ │ │ ├─┬ is-number@3.0.0
29 silly saveTree │ │ │   │ │ │ │ │ │ │ │ └── kind-of@3.2.2
29 silly saveTree │ │ │   │ │ │ │ │ │ │ └── kind-of@4.0.0
29 silly saveTree │ │ │   │ │ │ │ │ │ └── isobject@3.0.1
29 silly saveTree │ │ │   │ │ │ │ │ ├── isobject@3.0.1
29 silly saveTree │ │ │   │ │ │ │ │ ├─┬ set-value@2.0.0
29 silly saveTree │ │ │   │ │ │ │ │ │ ├── extend-shallow@2.0.1
29 silly saveTree │ │ │   │ │ │ │ │ │ ├─┬ is-plain-object@2.0.4
29 silly saveTree │ │ │   │ │ │ │ │ │ │ └── isobject@3.0.1
29 silly saveTree │ │ │   │ │ │ │ │ │ └─┬ split-string@3.1.0
29 silly saveTree │ │ │   │ │ │ │ │ │   └─┬ extend-shallow@3.0.2
29 silly saveTree │ │ │   │ │ │ │ │ │     ├── assign-symbols@1.0.0
29 silly saveTree │ │ │   │ │ │ │ │ │     └── is-extendable@1.0.1
29 silly saveTree │ │ │   │ │ │ │ │ ├── to-object-path@0.3.0
29 silly saveTree │ │ │   │ │ │ │ │ ├─┬ union-value@1.0.0
29 silly saveTree │ │ │   │ │ │ │ │ │ ├── arr-union@3.1.0
29 silly saveTree │ │ │   │ │ │ │ │ │ └─┬ set-value@0.4.3
29 silly saveTree │ │ │   │ │ │ │ │ │   └── extend-shallow@2.0.1
29 silly saveTree │ │ │   │ │ │ │ │ └─┬ unset-value@1.0.0
29 silly saveTree │ │ │   │ │ │ │ │   ├─┬ has-value@0.3.1
29 silly saveTree │ │ │   │ │ │ │ │   │ ├── has-values@0.1.4
29 silly saveTree │ │ │   │ │ │ │ │   │ └── isobject@2.1.0
29 silly saveTree │ │ │   │ │ │ │ │   └── isobject@3.0.1
29 silly saveTree │ │ │   │ │ │ │ ├─┬ class-utils@0.3.6
29 silly saveTree │ │ │   │ │ │ │ │ ├─┬ define-property@0.2.5
29 silly saveTree │ │ │   │ │ │ │ │ │ └─┬ is-descriptor@0.1.6
29 silly saveTree │ │ │   │ │ │ │ │ │   ├── is-accessor-descriptor@0.1.6
29 silly saveTree │ │ │   │ │ │ │ │ │   ├── is-data-descriptor@0.1.4
29 silly saveTree │ │ │   │ │ │ │ │ │   └── kind-of@5.1.0
29 silly saveTree │ │ │   │ │ │ │ │ ├── isobject@3.0.1
29 silly saveTree │ │ │   │ │ │ │ │ └─┬ static-extend@0.1.2
29 silly saveTree │ │ │   │ │ │ │ │   ├── define-property@0.2.5
29 silly saveTree │ │ │   │ │ │ │ │   └─┬ object-copy@0.1.0
29 silly saveTree │ │ │   │ │ │ │ │     ├── copy-descriptor@0.1.1
29 silly saveTree │ │ │   │ │ │ │ │     └── define-property@0.2.5
29 silly saveTree │ │ │   │ │ │ │ ├── component-emitter@1.2.1
29 silly saveTree │ │ │   │ │ │ │ ├─┬ define-property@1.0.0
29 silly saveTree │ │ │   │ │ │ │ │ └─┬ is-descriptor@1.0.2
29 silly saveTree │ │ │   │ │ │ │ │   ├─┬ is-accessor-descriptor@1.0.0
29 silly saveTree │ │ │   │ │ │ │ │   │ └── kind-of@6.0.2
29 silly saveTree │ │ │   │ │ │ │ │   ├── is-data-descriptor@1.0.0
29 silly saveTree │ │ │   │ │ │ │ │   └── kind-of@6.0.2
29 silly saveTree │ │ │   │ │ │ │ ├── isobject@3.0.1
29 silly saveTree │ │ │   │ │ │ │ ├─┬ mixin-deep@1.3.1
29 silly saveTree │ │ │   │ │ │ │ │ └── is-extendable@1.0.1
29 silly saveTree │ │ │   │ │ │ │ └── pascalcase@0.1.1
29 silly saveTree │ │ │   │ │ │ ├── define-property@0.2.5
29 silly saveTree │ │ │   │ │ │ ├── extend-shallow@2.0.1
29 silly saveTree │ │ │   │ │ │ ├── map-cache@0.2.2
29 silly saveTree │ │ │   │ │ │ ├─┬ source-map-resolve@0.5.2
29 silly saveTree │ │ │   │ │ │ │ ├── atob@2.1.2
29 silly saveTree │ │ │   │ │ │ │ ├── decode-uri-component@0.2.0
29 silly saveTree │ │ │   │ │ │ │ ├── resolve-url@0.2.1
29 silly saveTree │ │ │   │ │ │ │ ├── source-map-url@0.4.0
29 silly saveTree │ │ │   │ │ │ │ └── urix@0.1.0
29 silly saveTree │ │ │   │ │ │ ├── source-map@0.5.7
29 silly saveTree │ │ │   │ │ │ └── use@3.1.1
29 silly saveTree │ │ │   │ │ ├── split-string@3.1.0
29 silly saveTree │ │ │   │ │ └─┬ to-regex@3.0.2
29 silly saveTree │ │ │   │ │   ├─┬ define-property@2.0.2
29 silly saveTree │ │ │   │ │   │ ├─┬ is-descriptor@1.0.2
29 silly saveTree │ │ │   │ │   │ │ ├─┬ is-accessor-descriptor@1.0.0
29 silly saveTree │ │ │   │ │   │ │ │ └── kind-of@6.0.2
29 silly saveTree │ │ │   │ │   │ │ ├── is-data-descriptor@1.0.0
29 silly saveTree │ │ │   │ │   │ │ └── kind-of@6.0.2
29 silly saveTree │ │ │   │ │   │ └── isobject@3.0.1
29 silly saveTree │ │ │   │ │   ├─┬ regex-not@1.0.2
29 silly saveTree │ │ │   │ │   │ └─┬ safe-regex@1.1.0
29 silly saveTree │ │ │   │ │   │   └── ret@0.1.15
29 silly saveTree │ │ │   │ │   └── safe-regex@1.1.0
29 silly saveTree │ │ │   │ ├── define-property@2.0.2
29 silly saveTree │ │ │   │ ├── extend-shallow@3.0.2
29 silly saveTree │ │ │   │ ├─┬ extglob@2.0.4
29 silly saveTree │ │ │   │ │ ├─┬ define-property@1.0.0
29 silly saveTree │ │ │   │ │ │ └─┬ is-descriptor@1.0.2
29 silly saveTree │ │ │   │ │ │   ├─┬ is-accessor-descriptor@1.0.0
29 silly saveTree │ │ │   │ │ │   │ └── kind-of@6.0.2
29 silly saveTree │ │ │   │ │ │   ├── is-data-descriptor@1.0.0
29 silly saveTree │ │ │   │ │ │   └── kind-of@6.0.2
29 silly saveTree │ │ │   │ │ ├─┬ expand-brackets@2.1.4
29 silly saveTree │ │ │   │ │ │ ├─┬ define-property@0.2.5
29 silly saveTree │ │ │   │ │ │ │ └─┬ is-descriptor@0.1.6
29 silly saveTree │ │ │   │ │ │ │   ├─┬ is-accessor-descriptor@0.1.6
29 silly saveTree │ │ │   │ │ │ │   │ └── kind-of@3.2.2
29 silly saveTree │ │ │   │ │ │ │   ├─┬ is-data-descriptor@0.1.4
29 silly saveTree │ │ │   │ │ │ │   │ └── kind-of@3.2.2
29 silly saveTree │ │ │   │ │ │ │   └── kind-of@5.1.0
29 silly saveTree │ │ │   │ │ │ ├── extend-shallow@2.0.1
29 silly saveTree │ │ │   │ │ │ └── posix-character-classes@0.1.1
29 silly saveTree │ │ │   │ │ ├── extend-shallow@2.0.1
29 silly saveTree │ │ │   │ │ └── fragment-cache@0.2.1
29 silly saveTree │ │ │   │ ├── fragment-cache@0.2.1
29 silly saveTree │ │ │   │ ├── kind-of@6.0.2
29 silly saveTree │ │ │   │ ├─┬ nanomatch@1.2.13
29 silly saveTree │ │ │   │ │ ├── arr-diff@4.0.0
29 silly saveTree │ │ │   │ │ ├── array-unique@0.3.2
29 silly saveTree │ │ │   │ │ ├── is-windows@1.0.2
29 silly saveTree │ │ │   │ │ ├── kind-of@6.0.2
29 silly saveTree │ │ │   │ │ └─┬ object.pick@1.3.0
29 silly saveTree │ │ │   │ │   └── isobject@3.0.1
29 silly saveTree │ │ │   │ ├── object.pick@1.3.0
29 silly saveTree │ │ │   │ ├── regex-not@1.0.2
29 silly saveTree │ │ │   │ ├── snapdragon@0.8.2
29 silly saveTree │ │ │   │ └── to-regex@3.0.2
29 silly saveTree │ │ │   └─┬ readable-stream@2.3.6
29 silly saveTree │ │ │     ├── core-util-is@1.0.2
29 silly saveTree │ │ │     ├── process-nextick-args@2.0.0
29 silly saveTree │ │ │     ├── safe-buffer@5.1.2
29 silly saveTree │ │ │     ├── string_decoder@1.1.1
29 silly saveTree │ │ │     └── util-deprecate@1.0.2
29 silly saveTree │ │ └── graceful-fs@4.1.11
29 silly saveTree │ ├─┬ hexo-util@0.6.3
29 silly saveTree │ │ ├─┬ camel-case@3.0.0
29 silly saveTree │ │ │ ├─┬ no-case@2.3.2
29 silly saveTree │ │ │ │ └── lower-case@1.1.4
29 silly saveTree │ │ │ └── upper-case@1.1.3
29 silly saveTree │ │ ├─┬ cross-spawn@4.0.2
29 silly saveTree │ │ │ ├─┬ lru-cache@4.1.3
29 silly saveTree │ │ │ │ ├── pseudomap@1.0.2
29 silly saveTree │ │ │ │ └── yallist@2.1.2
29 silly saveTree │ │ │ └─┬ which@1.3.1
29 silly saveTree │ │ │   └── isexe@2.0.0
29 silly saveTree │ │ ├── highlight.js@9.13.1
29 silly saveTree │ │ ├── html-entities@1.2.1
29 silly saveTree │ │ └── striptags@2.2.1
29 silly saveTree │ ├── moment@2.22.2
29 silly saveTree │ └─┬ swig@1.4.2
29 silly saveTree │   ├─┬ optimist@0.6.1
29 silly saveTree │   │ ├── minimist@0.0.10
29 silly saveTree │   │ └── wordwrap@0.0.3
29 silly saveTree │   └─┬ uglify-js@2.4.24
29 silly saveTree │     ├── async@0.2.10
29 silly saveTree │     ├─┬ source-map@0.1.34
29 silly saveTree │     │ └── amdefine@1.0.1
29 silly saveTree │     ├── uglify-to-browserify@1.0.2
29 silly saveTree │     └─┬ yargs@3.5.4
29 silly saveTree │       ├── camelcase@1.2.1
29 silly saveTree │       ├── decamelize@1.2.0
29 silly saveTree │       ├── window-size@0.1.0
29 silly saveTree │       └── wordwrap@0.0.2
29 silly saveTree ├─┬ hexo-generator-archive@0.1.5
29 silly saveTree │ ├─┬ hexo-pagination@0.0.2
29 silly saveTree │ │ └── utils-merge@1.0.1
29 silly saveTree │ └── object-assign@2.1.1
29 silly saveTree ├─┬ hexo-generator-category@0.1.3
29 silly saveTree │ └── object-assign@2.1.1
29 silly saveTree ├─┬ hexo-generator-feed@1.2.2
29 silly saveTree │ ├─┬ nunjucks@3.1.3
29 silly saveTree │ │ ├── a-sync-waterfall@1.0.1
29 silly saveTree │ │ ├── asap@2.0.6
29 silly saveTree │ │ ├─┬ chokidar@2.0.4
29 silly saveTree │ │ │ ├─┬ anymatch@2.0.0
29 silly saveTree │ │ │ │ └─┬ micromatch@3.1.10
29 silly saveTree │ │ │ │   ├── arr-diff@4.0.0
29 silly saveTree │ │ │ │   ├── array-unique@0.3.2
29 silly saveTree │ │ │ │   ├─┬ braces@2.3.2
29 silly saveTree │ │ │ │   │ ├── extend-shallow@2.0.1
29 silly saveTree │ │ │ │   │ ├─┬ fill-range@4.0.0
29 silly saveTree │ │ │ │   │ │ ├── extend-shallow@2.0.1
29 silly saveTree │ │ │ │   │ │ └─┬ is-number@3.0.0
29 silly saveTree │ │ │ │   │ │   └── kind-of@3.2.2
29 silly saveTree │ │ │ │   │ └── isobject@3.0.1
29 silly saveTree │ │ │ │   ├─┬ extglob@2.0.4
29 silly saveTree │ │ │ │   │ ├─┬ define-property@1.0.0
29 silly saveTree │ │ │ │   │ │ └─┬ is-descriptor@1.0.2
29 silly saveTree │ │ │ │   │ │   ├─┬ is-accessor-descriptor@1.0.0
29 silly saveTree │ │ │ │   │ │   │ └── kind-of@6.0.2
29 silly saveTree │ │ │ │   │ │   ├── is-data-descriptor@1.0.0
29 silly saveTree │ │ │ │   │ │   └── kind-of@6.0.2
29 silly saveTree │ │ │ │   │ ├─┬ expand-brackets@2.1.4
29 silly saveTree │ │ │ │   │ │ ├─┬ define-property@0.2.5
29 silly saveTree │ │ │ │   │ │ │ └─┬ is-descriptor@0.1.6
29 silly saveTree │ │ │ │   │ │ │   ├─┬ is-accessor-descriptor@0.1.6
29 silly saveTree │ │ │ │   │ │ │   │ └── kind-of@3.2.2
29 silly saveTree │ │ │ │   │ │ │   ├─┬ is-data-descriptor@0.1.4
29 silly saveTree │ │ │ │   │ │ │   │ └── kind-of@3.2.2
29 silly saveTree │ │ │ │   │ │ │   └── kind-of@5.1.0
29 silly saveTree │ │ │ │   │ │ └── extend-shallow@2.0.1
29 silly saveTree │ │ │ │   │ └── extend-shallow@2.0.1
29 silly saveTree │ │ │ │   └── kind-of@6.0.2
29 silly saveTree │ │ │ ├── braces@2.3.2
29 silly saveTree │ │ │ ├─┬ glob-parent@3.1.0
29 silly saveTree │ │ │ │ ├─┬ is-glob@3.1.0
29 silly saveTree │ │ │ │ │ └── is-extglob@2.1.1
29 silly saveTree │ │ │ │ └── path-dirname@1.0.2
29 silly saveTree │ │ │ ├── is-glob@4.0.0
29 silly saveTree │ │ │ ├── lodash.debounce@4.0.8
29 silly saveTree │ │ │ └── upath@1.1.0
29 silly saveTree │ │ ├── postinstall-build@5.0.3
29 silly saveTree │ │ └─┬ yargs@3.32.0
29 silly saveTree │ │   ├── camelcase@2.1.1
29 silly saveTree │ │   ├─┬ cliui@3.2.0
29 silly saveTree │ │   │ ├─┬ string-width@1.0.2
29 silly saveTree │ │   │ │ ├── code-point-at@1.1.0
29 silly saveTree │ │   │ │ ├─┬ is-fullwidth-code-point@1.0.0
29 silly saveTree │ │   │ │ │ └── number-is-nan@1.0.1
29 silly saveTree │ │   │ │ └── strip-ansi@3.0.1
29 silly saveTree │ │   │ ├── strip-ansi@3.0.1
29 silly saveTree │ │   │ └─┬ wrap-ansi@2.1.0
29 silly saveTree │ │   │   └── strip-ansi@3.0.1
29 silly saveTree │ │   ├─┬ os-locale@1.4.0
29 silly saveTree │ │   │ └─┬ lcid@1.0.0
29 silly saveTree │ │   │   └── invert-kv@1.0.0
29 silly saveTree │ │   ├── string-width@1.0.2
29 silly saveTree │ │   ├── window-size@0.1.4
29 silly saveTree │ │   └── y18n@3.2.1
29 silly saveTree │ └── object-assign@4.1.1
29 silly saveTree ├── hexo-generator-index@0.2.1
29 silly saveTree ├─┬ hexo-generator-sitemap@1.2.0
29 silly saveTree │ ├─┬ minimatch@3.0.4
29 silly saveTree │ │ └─┬ brace-expansion@1.1.11
29 silly saveTree │ │   ├── balanced-match@1.0.0
29 silly saveTree │ │   └── concat-map@0.0.1
29 silly saveTree │ └── nunjucks@2.5.2
29 silly saveTree ├── hexo-generator-tag@0.2.0
29 silly saveTree ├─┬ hexo-renderer-ejs@0.3.1
29 silly saveTree │ └── ejs@2.6.1
29 silly saveTree ├─┬ hexo-renderer-marked@0.3.2
29 silly saveTree │ ├── marked@0.3.19
29 silly saveTree │ └── strip-indent@2.0.0
29 silly saveTree ├─┬ hexo-renderer-stylus@0.3.3
29 silly saveTree │ ├─┬ nib@1.1.2
29 silly saveTree │ │ └─┬ stylus@0.54.5
29 silly saveTree │ │   ├── css-parse@1.7.0
29 silly saveTree │ │   ├─┬ glob@7.0.6
29 silly saveTree │ │   │ ├── fs.realpath@1.0.0
29 silly saveTree │ │   │ ├─┬ inflight@1.0.6
29 silly saveTree │ │   │ │ ├─┬ once@1.4.0
29 silly saveTree │ │   │ │ │ └── wrappy@1.0.2
29 silly saveTree │ │   │ │ └── wrappy@1.0.2
29 silly saveTree │ │   │ └── once@1.4.0
29 silly saveTree │ │   ├─┬ mkdirp@0.5.1
29 silly saveTree │ │   │ └── minimist@0.0.8
29 silly saveTree │ │   ├── sax@0.5.8
29 silly saveTree │ │   └── source-map@0.1.43
29 silly saveTree │ └── stylus@0.54.5
29 silly saveTree ├─┬ hexo-server@0.3.3
29 silly saveTree │ ├─┬ chalk@1.1.3
29 silly saveTree │ │ ├── ansi-styles@2.2.1
29 silly saveTree │ │ ├── strip-ansi@3.0.1
29 silly saveTree │ │ └── supports-color@2.0.0
29 silly saveTree │ ├─┬ compression@1.7.3
29 silly saveTree │ │ ├─┬ accepts@1.3.5
29 silly saveTree │ │ │ ├─┬ mime-types@2.1.21
29 silly saveTree │ │ │ │ └── mime-db@1.37.0
29 silly saveTree │ │ │ └── negotiator@0.6.1
29 silly saveTree │ │ ├── bytes@3.0.0
29 silly saveTree │ │ ├── compressible@2.0.15
29 silly saveTree │ │ ├── on-headers@1.0.1
29 silly saveTree │ │ └── vary@1.1.2
29 silly saveTree │ ├─┬ connect@3.6.6
29 silly saveTree │ │ ├─┬ finalhandler@1.1.0
29 silly saveTree │ │ │ ├── encodeurl@1.0.2
29 silly saveTree │ │ │ ├── escape-html@1.0.3
29 silly saveTree │ │ │ ├─┬ on-finished@2.3.0
29 silly saveTree │ │ │ │ └── ee-first@1.1.1
29 silly saveTree │ │ │ ├── parseurl@1.3.2
29 silly saveTree │ │ │ ├── statuses@1.3.1
29 silly saveTree │ │ │ └── unpipe@1.0.0
29 silly saveTree │ │ └── parseurl@1.3.2
29 silly saveTree │ ├── mime@1.6.0
29 silly saveTree │ ├─┬ morgan@1.9.1
29 silly saveTree │ │ ├── basic-auth@2.0.1
29 silly saveTree │ │ └── depd@1.1.2
29 silly saveTree │ ├─┬ opn@5.4.0
29 silly saveTree │ │ └── is-wsl@1.1.0
29 silly saveTree │ └─┬ serve-static@1.13.2
29 silly saveTree │   └─┬ send@0.16.2
29 silly saveTree │     ├── destroy@1.0.4
29 silly saveTree │     ├── etag@1.8.1
29 silly saveTree │     ├── fresh@0.5.2
29 silly saveTree │     ├─┬ http-errors@1.6.3
29 silly saveTree │     │ ├── setprototypeof@1.1.0
29 silly saveTree │     │ └── statuses@1.5.0
29 silly saveTree │     ├── mime@1.4.1
29 silly saveTree │     ├── range-parser@1.2.0
29 silly saveTree │     └── statuses@1.4.0
29 silly saveTree └─┬ hexo@3.8.0
29 silly saveTree   ├── abbrev@1.1.1
29 silly saveTree   ├── archy@1.0.0
29 silly saveTree   ├─┬ chalk@2.4.1
29 silly saveTree   │ ├─┬ ansi-styles@3.2.1
29 silly saveTree   │ │ └─┬ color-convert@1.9.3
29 silly saveTree   │ │   └── color-name@1.1.3
29 silly saveTree   │ └─┬ supports-color@5.5.0
29 silly saveTree   │   └── has-flag@3.0.0
29 silly saveTree   ├─┬ cheerio@0.22.0
29 silly saveTree   │ ├─┬ css-select@1.2.0
29 silly saveTree   │ │ ├── boolbase@1.0.0
29 silly saveTree   │ │ ├── css-what@2.1.2
29 silly saveTree   │ │ ├─┬ domutils@1.5.1
29 silly saveTree   │ │ │ ├─┬ dom-serializer@0.1.0
29 silly saveTree   │ │ │ │ ├── domelementtype@1.1.3
29 silly saveTree   │ │ │ │ └── entities@1.1.2
29 silly saveTree   │ │ │ └── domelementtype@1.2.1
29 silly saveTree   │ │ └── nth-check@1.0.2
29 silly saveTree   │ ├── dom-serializer@0.1.0
29 silly saveTree   │ ├── entities@1.1.2
29 silly saveTree   │ ├─┬ htmlparser2@3.10.0
29 silly saveTree   │ │ ├── domelementtype@1.3.0
29 silly saveTree   │ │ ├── domhandler@2.4.2
29 silly saveTree   │ │ └── readable-stream@3.0.6
29 silly saveTree   │ ├── lodash.assignin@4.2.0
29 silly saveTree   │ ├── lodash.bind@4.2.1
29 silly saveTree   │ ├── lodash.defaults@4.2.0
29 silly saveTree   │ ├── lodash.filter@4.6.0
29 silly saveTree   │ ├── lodash.flatten@4.4.0
29 silly saveTree   │ ├── lodash.foreach@4.5.0
29 silly saveTree   │ ├── lodash.map@4.6.0
29 silly saveTree   │ ├── lodash.merge@4.6.1
29 silly saveTree   │ ├── lodash.pick@4.4.0
29 silly saveTree   │ ├── lodash.reduce@4.6.0
29 silly saveTree   │ ├── lodash.reject@4.6.0
29 silly saveTree   │ └── lodash.some@4.6.0
29 silly saveTree   ├─┬ hexo-cli@1.1.0
29 silly saveTree   │ ├─┬ chalk@1.1.3
29 silly saveTree   │ │ ├── ansi-styles@2.2.1
29 silly saveTree   │ │ ├── strip-ansi@3.0.1
29 silly saveTree   │ │ └── supports-color@2.0.0
29 silly saveTree   │ ├── command-exists@1.2.8
29 silly saveTree   │ ├─┬ hexo-log@0.2.0
29 silly saveTree   │ │ ├─┬ chalk@1.1.3
29 silly saveTree   │ │ │ ├── ansi-styles@2.2.1
29 silly saveTree   │ │ │ ├── strip-ansi@3.0.1
29 silly saveTree   │ │ │ └── supports-color@2.0.0
29 silly saveTree   │ │ └─┬ hexo-bunyan@1.0.0
29 silly saveTree   │ │   ├─┬ mv@2.1.1
29 silly saveTree   │ │   │ ├── ncp@2.0.0
29 silly saveTree   │ │   │ └─┬ rimraf@2.4.5
29 silly saveTree   │ │   │   └── glob@6.0.4
29 silly saveTree   │ │   └── safe-json-stringify@1.2.0
29 silly saveTree   │ ├── minimist@1.2.0
29 silly saveTree   │ ├─┬ resolve@1.8.1
29 silly saveTree   │ │ └── path-parse@1.0.6
29 silly saveTree   │ └─┬ tildify@1.2.0
29 silly saveTree   │   └── os-homedir@1.0.2
29 silly saveTree   ├─┬ hexo-front-matter@0.2.3
29 silly saveTree   │ └─┬ js-yaml@3.12.0
29 silly saveTree   │   ├─┬ argparse@1.0.10
29 silly saveTree   │   │ └── sprintf-js@1.0.3
29 silly saveTree   │   └── esprima@4.0.1
29 silly saveTree   ├── hexo-i18n@0.2.1
29 silly saveTree   ├── hexo-log@0.2.0
29 silly saveTree   ├── js-yaml@3.12.0
29 silly saveTree   ├── moment-timezone@0.5.23
29 silly saveTree   ├── pretty-hrtime@1.0.3
29 silly saveTree   ├── resolve@1.8.1
29 silly saveTree   ├─┬ strip-ansi@4.0.0
29 silly saveTree   │ └── ansi-regex@3.0.0
29 silly saveTree   ├─┬ swig-extras@0.0.1
29 silly saveTree   │ └─┬ markdown@0.5.0
29 silly saveTree   │   └── nopt@2.1.2
29 silly saveTree   ├─┬ swig-templates@2.0.3
29 silly saveTree   │ └─┬ uglify-js@2.6.0
29 silly saveTree   │   └─┬ yargs@3.10.0
29 silly saveTree   │     ├── camelcase@1.2.1
29 silly saveTree   │     ├─┬ cliui@2.1.0
29 silly saveTree   │     │ ├─┬ center-align@0.1.3
29 silly saveTree   │     │ │ ├─┬ align-text@0.1.4
29 silly saveTree   │     │ │ │ └── longest@1.0.1
29 silly saveTree   │     │ │ └── lazy-cache@1.0.4
29 silly saveTree   │     │ ├── right-align@0.1.3
29 silly saveTree   │     │ └── wordwrap@0.0.2
29 silly saveTree   │     └── window-size@0.1.0
29 silly saveTree   ├── text-table@0.2.0
29 silly saveTree   ├── tildify@1.2.0
29 silly saveTree   ├── titlecase@1.1.2
29 silly saveTree   └─┬ warehouse@2.2.0
29 silly saveTree     ├─┬ cuid@1.3.8
29 silly saveTree     │ ├── browser-fingerprint@0.0.1
29 silly saveTree     │ ├── core-js@1.2.7
29 silly saveTree     │ └── node-fingerprint@0.0.2
29 silly saveTree     └─┬ JSONStream@1.3.5
29 silly saveTree       ├── jsonparse@1.3.1
29 silly saveTree       └── through@2.3.8
30 verbose stack Error: ENOENT: no such file or directory, access '/home/sdz/blog/node_modules/invariant'
31 verbose cwd /home/sdz/blog
32 verbose Linux 4.15.0-38-generic
33 verbose argv "/usr/bin/node" "/usr/bin/npm" "install"
34 verbose node v8.12.0
35 verbose npm  v6.4.1
36 error path /home/sdz/blog/node_modules/invariant
37 error code ENOENT
38 error errno -2
39 error syscall access
40 error enoent ENOENT: no such file or directory, access '/home/sdz/blog/node_modules/invariant'
41 error enoent This is related to npm not being able to find a file.
42 verbose exit [ -2, true ]
